Add component: Footprint Not Found CAPC1608X90N
Add component: Footprint Not Found CAPRB250W50L450T300H550
Add component: Footprint Not Found CAPPRD750W80D1600H2500
Add component: Footprint Not Found CAPRB250W50L450T300H550
Add component: Footprint Not Found CAPRB250W50L450T300H550
Add component: Footprint Not Found CAPRB250W50L450T300H550
Add component: Footprint Not Found CAPRB250W50L450T300H550
Add component: Footprint Not Found CAPRB250W50L450T300H550
Add component: Footprint Not Found CAPRB250W50L450T300H550
Add component: Footprint Not Found CAPRB250W50L450T300H550
Add component: Footprint Not Found CAPRB250W50L450T300H550
Add component: Footprint Not Found TO229P990X238-4N
Add component: Footprint Not Found DIOM4336X265N
Add component: Footprint Not Found DIOM4336X265N
Add component: Footprint Not Found DIOM4336X265N
Add component: Footprint Not Found 0154007.DR
Add component: Footprint Not Found TE_282836-3
Add component: Footprint Not Found OST_OSTTF020161
Add component: Footprint Not Found TE_282836-3
Add component: Footprint Not Found TE_282836-3
Add component: Footprint Not Found SAMTEC_USBR-B-S-S-O-VT
Add component: Footprint Not Found IND_AMDLA1004S-470MT
Add component: Footprint Not Found LED3MM
Add component: Footprint Not Found LED3MM
Add component: Footprint Not Found LED3MM
Add component: Footprint Not Found LED3MM
Add component: Footprint Not Found LED3MM
Add component: Footprint Not Found LED3MM
Add component: Footprint Not Found ONSC-D2PAK-3-418B-04_V
Add component: Footprint Not Found ONSC-D2PAK-3-418B-04_V
Add component: Footprint Not Found ONSC-D2PAK-3-418B-04_V
Add component: Footprint Not Found TO92254P460H750-3
Add component: Footprint Not Found TO92254P460H750-3
Added Component: Designator=R1(RESAD1100W55L680D260)
Add component (AddParameter): Name = "Check_prices"; Value = "https://www.snapeda.com/parts/MFR-25FBF52-10K/Yageo/view-part/?ref=eda"; VariantName = "[No Variations]"
Add component (AddParameter): Name = "MF"; Value = "Yageo"; VariantName = "[No Variations]"
Add component (AddParameter): Name = "MP"; Value = "MFR-25FBF52-10K"; VariantName = "[No Variations]"
Add component (AddParameter): Name = "Package"; Value = "RADIAL-2 YAGEO"; VariantName = "[No Variations]"
Add component (AddParameter): Name = "SnapEDA_Link"; Value = "https://www.snapeda.com/parts/MFR-25FBF52-10K/Yageo/view-part/?ref=snap"; VariantName = "[No Variations]"
Add component (AddParameter): Name = "Value"; Value = ""; VariantName = "[No Variations]"
Added Component: Designator=R2(RESAD1100W55L680D260)
Add component (AddParameter): Name = "Check_prices"; Value = "https://www.snapeda.com/parts/MFR-25FBF52-10K/Yageo/view-part/?ref=eda"; VariantName = "[No Variations]"
Add component (AddParameter): Name = "MF"; Value = "Yageo"; VariantName = "[No Variations]"
Add component (AddParameter): Name = "MP"; Value = "MFR-25FBF52-10K"; VariantName = "[No Variations]"
Add component (AddParameter): Name = "Package"; Value = "RADIAL-2 YAGEO"; VariantName = "[No Variations]"
Add component (AddParameter): Name = "SnapEDA_Link"; Value = "https://www.snapeda.com/parts/MFR-25FBF52-10K/Yageo/view-part/?ref=snap"; VariantName = "[No Variations]"
Add component (AddParameter): Name = "Value"; Value = ""; VariantName = "[No Variations]"
Added Component: Designator=R3(RESAD1100W55L680D260)
Add component (AddParameter): Name = "Check_prices"; Value = "https://www.snapeda.com/parts/MFR-25FBF52-10K/Yageo/view-part/?ref=eda"; VariantName = "[No Variations]"
Add component (AddParameter): Name = "MF"; Value = "Yageo"; VariantName = "[No Variations]"
Add component (AddParameter): Name = "MP"; Value = "MFR-25FBF52-10K"; VariantName = "[No Variations]"
Add component (AddParameter): Name = "Package"; Value = "RADIAL-2 YAGEO"; VariantName = "[No Variations]"
Add component (AddParameter): Name = "SnapEDA_Link"; Value = "https://www.snapeda.com/parts/MFR-25FBF52-10K/Yageo/view-part/?ref=snap"; VariantName = "[No Variations]"
Add component (AddParameter): Name = "Value"; Value = ""; VariantName = "[No Variations]"
Added Component: Designator=R4(RESAD1100W55L680D260)
Add component (AddParameter): Name = "Check_prices"; Value = "https://www.snapeda.com/parts/MFR-25FBF52-10K/Yageo/view-part/?ref=eda"; VariantName = "[No Variations]"
Add component (AddParameter): Name = "MF"; Value = "Yageo"; VariantName = "[No Variations]"
Add component (AddParameter): Name = "MP"; Value = "MFR-25FBF52-10K"; VariantName = "[No Variations]"
Add component (AddParameter): Name = "Package"; Value = "RADIAL-2 YAGEO"; VariantName = "[No Variations]"
Add component (AddParameter): Name = "SnapEDA_Link"; Value = "https://www.snapeda.com/parts/MFR-25FBF52-10K/Yageo/view-part/?ref=snap"; VariantName = "[No Variations]"
Add component (AddParameter): Name = "Value"; Value = ""; VariantName = "[No Variations]"
Added Component: Designator=R5(RESAD1100W55L680D260)
Add component (AddParameter): Name = "Check_prices"; Value = "https://www.snapeda.com/parts/MFR-25FBF52-10K/Yageo/view-part/?ref=eda"; VariantName = "[No Variations]"
Add component (AddParameter): Name = "MF"; Value = "Yageo"; VariantName = "[No Variations]"
Add component (AddParameter): Name = "MP"; Value = "MFR-25FBF52-10K"; VariantName = "[No Variations]"
Add component (AddParameter): Name = "Package"; Value = "RADIAL-2 YAGEO"; VariantName = "[No Variations]"
Add component (AddParameter): Name = "SnapEDA_Link"; Value = "https://www.snapeda.com/parts/MFR-25FBF52-10K/Yageo/view-part/?ref=snap"; VariantName = "[No Variations]"
Add component (AddParameter): Name = "Value"; Value = ""; VariantName = "[No Variations]"
Added Component: Designator=R6(RESAD1100W55L680D260)
Add component (AddParameter): Name = "Check_prices"; Value = "https://www.snapeda.com/parts/MFR-25FBF52-10K/Yageo/view-part/?ref=eda"; VariantName = "[No Variations]"
Add component (AddParameter): Name = "MF"; Value = "Yageo"; VariantName = "[No Variations]"
Add component (AddParameter): Name = "MP"; Value = "MFR-25FBF52-10K"; VariantName = "[No Variations]"
Add component (AddParameter): Name = "Package"; Value = "RADIAL-2 YAGEO"; VariantName = "[No Variations]"
Add component (AddParameter): Name = "SnapEDA_Link"; Value = "https://www.snapeda.com/parts/MFR-25FBF52-10K/Yageo/view-part/?ref=snap"; VariantName = "[No Variations]"
Add component (AddParameter): Name = "Value"; Value = ""; VariantName = "[No Variations]"
Added Component: Designator=R7(RESAD1100W55L680D260)
Add component (AddParameter): Name = "Check_prices"; Value = "https://www.snapeda.com/parts/MFR-25FBF52-10K/Yageo/view-part/?ref=eda"; VariantName = "[No Variations]"
Add component (AddParameter): Name = "MF"; Value = "Yageo"; VariantName = "[No Variations]"
Add component (AddParameter): Name = "MP"; Value = "MFR-25FBF52-10K"; VariantName = "[No Variations]"
Add component (AddParameter): Name = "Package"; Value = "RADIAL-2 YAGEO"; VariantName = "[No Variations]"
Add component (AddParameter): Name = "SnapEDA_Link"; Value = "https://www.snapeda.com/parts/MFR-25FBF52-10K/Yageo/view-part/?ref=snap"; VariantName = "[No Variations]"
Add component (AddParameter): Name = "Value"; Value = ""; VariantName = "[No Variations]"
Added Component: Designator=R8(RESAD1100W55L680D260)
Add component (AddParameter): Name = "Check_prices"; Value = "https://www.snapeda.com/parts/MFR-25FBF52-10K/Yageo/view-part/?ref=eda"; VariantName = "[No Variations]"
Add component (AddParameter): Name = "MF"; Value = "Yageo"; VariantName = "[No Variations]"
Add component (AddParameter): Name = "MP"; Value = "MFR-25FBF52-10K"; VariantName = "[No Variations]"
Add component (AddParameter): Name = "Package"; Value = "RADIAL-2 YAGEO"; VariantName = "[No Variations]"
Add component (AddParameter): Name = "SnapEDA_Link"; Value = "https://www.snapeda.com/parts/MFR-25FBF52-10K/Yageo/view-part/?ref=snap"; VariantName = "[No Variations]"
Add component (AddParameter): Name = "Value"; Value = ""; VariantName = "[No Variations]"
Added Component: Designator=R9(RESAD1100W55L680D260)
Add component (AddParameter): Name = "Check_prices"; Value = "https://www.snapeda.com/parts/MFR-25FBF52-10K/Yageo/view-part/?ref=eda"; VariantName = "[No Variations]"
Add component (AddParameter): Name = "MF"; Value = "Yageo"; VariantName = "[No Variations]"
Add component (AddParameter): Name = "MP"; Value = "MFR-25FBF52-10K"; VariantName = "[No Variations]"
Add component (AddParameter): Name = "Package"; Value = "RADIAL-2 YAGEO"; VariantName = "[No Variations]"
Add component (AddParameter): Name = "SnapEDA_Link"; Value = "https://www.snapeda.com/parts/MFR-25FBF52-10K/Yageo/view-part/?ref=snap"; VariantName = "[No Variations]"
Add component (AddParameter): Name = "Value"; Value = ""; VariantName = "[No Variations]"
Added Component: Designator=R10(RESAD1100W55L680D260)
Add component (AddParameter): Name = "Check_prices"; Value = "https://www.snapeda.com/parts/MFR-25FBF52-10K/Yageo/view-part/?ref=eda"; VariantName = "[No Variations]"
Add component (AddParameter): Name = "MF"; Value = "Yageo"; VariantName = "[No Variations]"
Add component (AddParameter): Name = "MP"; Value = "MFR-25FBF52-10K"; VariantName = "[No Variations]"
Add component (AddParameter): Name = "Package"; Value = "RADIAL-2 YAGEO"; VariantName = "[No Variations]"
Add component (AddParameter): Name = "SnapEDA_Link"; Value = "https://www.snapeda.com/parts/MFR-25FBF52-10K/Yageo/view-part/?ref=snap"; VariantName = "[No Variations]"
Add component (AddParameter): Name = "Value"; Value = ""; VariantName = "[No Variations]"
Added Component: Designator=R11(RESAD1100W55L680D260)
Add component (AddParameter): Name = "Check_prices"; Value = "https://www.snapeda.com/parts/MFR-25FBF52-10K/Yageo/view-part/?ref=eda"; VariantName = "[No Variations]"
Add component (AddParameter): Name = "MF"; Value = "Yageo"; VariantName = "[No Variations]"
Add component (AddParameter): Name = "MP"; Value = "MFR-25FBF52-10K"; VariantName = "[No Variations]"
Add component (AddParameter): Name = "Package"; Value = "RADIAL-2 YAGEO"; VariantName = "[No Variations]"
Add component (AddParameter): Name = "SnapEDA_Link"; Value = "https://www.snapeda.com/parts/MFR-25FBF52-10K/Yageo/view-part/?ref=snap"; VariantName = "[No Variations]"
Add component (AddParameter): Name = "Value"; Value = ""; VariantName = "[No Variations]"
Added Component: Designator=R12(RESAD1100W55L680D260)
Add component (AddParameter): Name = "Check_prices"; Value = "https://www.snapeda.com/parts/MFR-25FBF52-10K/Yageo/view-part/?ref=eda"; VariantName = "[No Variations]"
Add component (AddParameter): Name = "MF"; Value = "Yageo"; VariantName = "[No Variations]"
Add component (AddParameter): Name = "MP"; Value = "MFR-25FBF52-10K"; VariantName = "[No Variations]"
Add component (AddParameter): Name = "Package"; Value = "RADIAL-2 YAGEO"; VariantName = "[No Variations]"
Add component (AddParameter): Name = "SnapEDA_Link"; Value = "https://www.snapeda.com/parts/MFR-25FBF52-10K/Yageo/view-part/?ref=snap"; VariantName = "[No Variations]"
Add component (AddParameter): Name = "Value"; Value = ""; VariantName = "[No Variations]"
Added Component: Designator=R13(RESAD1100W55L680D260)
Add component (AddParameter): Name = "Check_prices"; Value = "https://www.snapeda.com/parts/MFR-25FBF52-10K/Yageo/view-part/?ref=eda"; VariantName = "[No Variations]"
Add component (AddParameter): Name = "MF"; Value = "Yageo"; VariantName = "[No Variations]"
Add component (AddParameter): Name = "MP"; Value = "MFR-25FBF52-10K"; VariantName = "[No Variations]"
Add component (AddParameter): Name = "Package"; Value = "RADIAL-2 YAGEO"; VariantName = "[No Variations]"
Add component (AddParameter): Name = "SnapEDA_Link"; Value = "https://www.snapeda.com/parts/MFR-25FBF52-10K/Yageo/view-part/?ref=snap"; VariantName = "[No Variations]"
Add component (AddParameter): Name = "Value"; Value = ""; VariantName = "[No Variations]"
Added Component: Designator=R14(RESAD1100W55L680D260)
Add component (AddParameter): Name = "Check_prices"; Value = "https://www.snapeda.com/parts/MFR-25FBF52-10K/Yageo/view-part/?ref=eda"; VariantName = "[No Variations]"
Add component (AddParameter): Name = "MF"; Value = "Yageo"; VariantName = "[No Variations]"
Add component (AddParameter): Name = "MP"; Value = "MFR-25FBF52-10K"; VariantName = "[No Variations]"
Add component (AddParameter): Name = "Package"; Value = "RADIAL-2 YAGEO"; VariantName = "[No Variations]"
Add component (AddParameter): Name = "SnapEDA_Link"; Value = "https://www.snapeda.com/parts/MFR-25FBF52-10K/Yageo/view-part/?ref=snap"; VariantName = "[No Variations]"
Add component (AddParameter): Name = "Value"; Value = ""; VariantName = "[No Variations]"
Add component: Footprint Not Found CONV_XL4015
Add component: Footprint Not Found SOT229P700X180-4N
Add component: Footprint Not Found QFP50P900X900X160-48N
Add Pin To Net: Unknown Pin: Pin C1-2
Add Pin To Net: Unknown Pin: Pin C2-1
Add Pin To Net: Unknown Pin: Pin C2-2
Add Pin To Net: Unknown Pin: Pin C3-N
Add Pin To Net: Unknown Pin: Pin C3-P
Add Pin To Net: Unknown Pin: Pin C4-1
Add Pin To Net: Unknown Pin: Pin C4-2
Add Pin To Net: Unknown Pin: Pin C5-1
Add Pin To Net: Unknown Pin: Pin C5-2
Add Pin To Net: Unknown Pin: Pin C6-1
Add Pin To Net: Unknown Pin: Pin C6-2
Add Pin To Net: Unknown Pin: Pin C7-1
Add Pin To Net: Unknown Pin: Pin C7-2
Add Pin To Net: Unknown Pin: Pin C8-1
Add Pin To Net: Unknown Pin: Pin C8-2
Add Pin To Net: Unknown Pin: Pin C9-1
Add Pin To Net: Unknown Pin: Pin C9-2
Add Pin To Net: Unknown Pin: Pin C10-1
Add Pin To Net: Unknown Pin: Pin C10-2
Add Pin To Net: Unknown Pin: Pin C11-1
Add Pin To Net: Unknown Pin: Pin C11-2
Add Pin To Net: Unknown Pin: Pin D1-1
Add Pin To Net: Unknown Pin: Pin D1-3
Add Pin To Net: Unknown Pin: Pin D2-A
Add Pin To Net: Unknown Pin: Pin D2-C
Add Pin To Net: Unknown Pin: Pin D3-1
Add Pin To Net: Unknown Pin: Pin D3-2
Add Pin To Net: Unknown Pin: Pin D4-A
Add Pin To Net: Unknown Pin: Pin D4-C
Add Pin To Net: Unknown Pin: Pin F1-1
Add Pin To Net: Unknown Pin: Pin J1-1
Add Pin To Net: Unknown Pin: Pin J1-2
Add Pin To Net: Unknown Pin: Pin J1-3
Add Pin To Net: Unknown Pin: Pin J2-1
Add Pin To Net: Unknown Pin: Pin J2-2
Add Pin To Net: Unknown Pin: Pin J3-1
Add Pin To Net: Unknown Pin: Pin J3-2
Add Pin To Net: Unknown Pin: Pin J3-3
Add Pin To Net: Unknown Pin: Pin J4-1
Add Pin To Net: Unknown Pin: Pin J4-2
Add Pin To Net: Unknown Pin: Pin J4-3
Add Pin To Net: Unknown Pin: Pin J-01
Add Pin To Net: Unknown Pin: Pin J-02
Add Pin To Net: Unknown Pin: Pin J-03
Add Pin To Net: Unknown Pin: Pin J-04
Add Pin To Net: Unknown Pin: Pin J-S1
Add Pin To Net: Unknown Pin: Pin J-S2
Add Pin To Net: Unknown Pin: Pin L1-2
Add Pin To Net: Unknown Pin: Pin LED1-A
Add Pin To Net: Unknown Pin: Pin LED2-A
Add Pin To Net: Unknown Pin: Pin LED3-K
Add Pin To Net: Unknown Pin: Pin LED4-K
Add Pin To Net: Unknown Pin: Pin LED5-K
Add Pin To Net: Unknown Pin: Pin LED6-K
Add Pin To Net: Unknown Pin: Pin Q1-3
Add Pin To Net: Unknown Pin: Pin Q2-3
Add Pin To Net: Unknown Pin: Pin Q2-4
Add Pin To Net: Unknown Pin: Pin Q3-3
Add Pin To Net: Unknown Pin: Pin Q3-4
Add Pin To Net: Unknown Pin: Pin Q4-1
Add Pin To Net: Unknown Pin: Pin Q5-1
Add Pin To Net: Unknown Pin: Pin Q5-3
Added Pin To Net: NetName=8.4+ Pin=R1-1
Added Pin To Net: NetName=8.4+ Pin=R1-2
Added Pin To Net: NetName=12+ Pin=R2-1
Added Pin To Net: NetName=12+ Pin=R3-1
Added Pin To Net: NetName=8.4+ Pin=R3-2
Added Pin To Net: NetName=12+ Pin=R4-1
Added Pin To Net: NetName=12+ Pin=R5-1
Added Pin To Net: NetName=12+ Pin=R6-1
Added Pin To Net: NetName=12+ Pin=R7-1
Added Pin To Net: NetName=3.3+ Pin=R8-1
Added Pin To Net: NetName=3.3+ Pin=R9-1
Added Pin To Net: NetName=3.3+ Pin=R10-1
Added Pin To Net: NetName=3.3+ Pin=R12-1
Added Pin To Net: NetName=12+ Pin=R13-1
Added Pin To Net: NetName=12+ Pin=R14-1
Added Pin To Net: NetName=Control piston Pin=R14-2
Add Pin To Net: Unknown Pin: Pin U1-1
Add Pin To Net: Unknown Pin: Pin U1-2
Add Pin To Net: Unknown Pin: Pin U1-5
Add Pin To Net: Unknown Pin: Pin U3-1
Add Pin To Net: Unknown Pin: Pin U3-2
Add Pin To Net: Unknown Pin: Pin U3-3
Add Pin To Net: Unknown Pin: Pin U4-8
Add Pin To Net: Unknown Pin: Pin U4-9
Add Pin To Net: Unknown Pin: Pin U4-10
Add Pin To Net: Unknown Pin: Pin U4-11
Add Pin To Net: Unknown Pin: Pin U4-23
Add Pin To Net: Unknown Pin: Pin U4-24
Add Pin To Net: Unknown Pin: Pin U4-34
Add Pin To Net: Unknown Pin: Pin U4-35
Add Pin To Net: Unknown Pin: Pin U4-36
Add Pin To Net: Unknown Pin: Pin U4-37
Add Pin To Net: Unknown Pin: Pin U4-47
Add Pin To Net: Unknown Pin: Pin U4-48
Added Net: Name=NetC1_1
Added Net: Name=NetD1_4
Added Net: Name=NetF1_2
Added Pin To Net: NetName=NetLED1_K Pin=R6-2
Added Net: Name=NetLED1_K
Added Pin To Net: NetName=NetLED2_K Pin=R7-2
Added Net: Name=NetLED2_K
Added Pin To Net: NetName=NetLED3_A Pin=R8-2
Added Net: Name=NetLED3_A
Added Pin To Net: NetName=NetLED4_A Pin=R9-2
Added Net: Name=NetLED4_A
Added Pin To Net: NetName=NetLED5_A Pin=R10-2
Added Net: Name=NetLED5_A
Added Pin To Net: NetName=NetLED6_A Pin=R12-2
Added Net: Name=NetLED6_A
Added Pin To Net: NetName=NetQ1_1 Pin=R2-2
Added Net: Name=NetQ1_1
Added Pin To Net: NetName=NetQ4_2 Pin=R11-1
Added Net: Name=NetQ4_2
Added Pin To Net: NetName=NetQ4_3 Pin=R13-2
Added Net: Name=NetQ4_3
Added Pin To Net: NetName=NetR11_2 Pin=R11-2
Added Net: Name=NetR11_2
Add Class Member: Failed to add class member : Component C1 CL10B105KO8NNNC
Add Class Member: Failed to add class member : Component C2 FA14X8R1H104KNU06
Add Class Member: Failed to add class member : Component C3 ECA2AM471B
Add Class Member: Failed to add class member : Component C4 0.1 uf ceramic
Add Class Member: Failed to add class member : Component C5 0.1 uf ceramic
Add Class Member: Failed to add class member : Component C6 0.1 uf ceramic
Add Class Member: Failed to add class member : Component C7 0.1 uf ceramic
Add Class Member: Failed to add class member : Component C8 0.1 uf ceramic
Add Class Member: Failed to add class member : Component C9 0.1 uf ceramic
Add Class Member: Failed to add class member : Component C10 0.1 uf ceramic
Add Class Member: Failed to add class member : Component C11 0.1 uf ceramic
Add Class Member: Failed to add class member : Component D1 MBRD1045T4G
Add Class Member: Failed to add class member : Component D2 SMBJ12A
Add Class Member: Failed to add class member : Component D3 SMBJ8.0CA
Add Class Member: Failed to add class member : Component D4 SMBJ12A
Add Class Member: Failed to add class member : Component F1 0154007.DR
Add Class Member: Failed to add class member : Component J1 282836-3
Add Class Member: Failed to add class member : Component J2 OSTTF020161
Add Class Member: Failed to add class member : Component J3 282836-3
Add Class Member: Failed to add class member : Component J4 282836-3
Add Class Member: Failed to add class member : Component J USBR-B-S-S-O-VT
Add Class Member: Failed to add class member : Component L1 AMDLA1004S-470MT
Add Class Member: Failed to add class member : Component LED1 TLLR4400
Add Class Member: Failed to add class member : Component LED2 TLLR4400
Add Class Member: Failed to add class member : Component LED3 TLLR4400
Add Class Member: Failed to add class member : Component LED4 TLLR4400
Add Class Member: Failed to add class member : Component LED5 TLLR4400
Add Class Member: Failed to add class member : Component LED6 TLLR4400
Add Class Member: Failed to add class member : Component Q1 MTB50P03HDLT4G
Add Class Member: Failed to add class member : Component Q2 MTB50P03HDLT4G
Add Class Member: Failed to add class member : Component Q3 MTB50P03HDLT4G
Add Class Member: Failed to add class member : Component Q4 2N3904
Add Class Member: Failed to add class member : Component Q5 2N3904
Added Member To Class: ClassName=Sheet1 Member=Component R1 14.3
Added Member To Class: ClassName=Sheet1 Member=Component R2 10k
Added Member To Class: ClassName=Sheet1 Member=Component R3 1.5
Added Member To Class: ClassName=Sheet1 Member=Component R4 10k
Added Member To Class: ClassName=Sheet1 Member=Component R5 10k
Added Member To Class: ClassName=Sheet1 Member=Component R6 330
Added Member To Class: ClassName=Sheet1 Member=Component R7 330
Added Member To Class: ClassName=Sheet1 Member=Component R8 MFR-25FBF52-10K
Added Member To Class: ClassName=Sheet1 Member=Component R9 MFR-25FBF52-10K
Added Member To Class: ClassName=Sheet1 Member=Component R10 MFR-25FBF52-10K
Added Member To Class: ClassName=Sheet1 Member=Component R11 4.7k
Added Member To Class: ClassName=Sheet1 Member=Component R12 MFR-25FBF52-10K
Added Member To Class: ClassName=Sheet1 Member=Component R13 4.7k
Added Member To Class: ClassName=Sheet1 Member=Component R14 1k
Add Class Member: Failed to add class member : Component U1 XL4015
Add Class Member: Failed to add class member : Component U3 AMS1117-3.3
Add Class Member: Failed to add class member : Component U4 STM32F103C8T6
Added Rule: Name=Schematic Supply Nets
