Change Component Designator: OldDesignator=R? NewDesignator=R1
Change Component Designator: OldDesignator=R? NewDesignator=R2
Change Component Designator: OldDesignator=R? NewDesignator=R3
Change Component Designator: OldDesignator=R? NewDesignator=R4
Change Component Designator: OldDesignator=R? NewDesignator=R5
Change Component Designator: OldDesignator=R? NewDesignator=R6
Change Component Designator: OldDesignator=R? NewDesignator=R7
Change Component Designator: OldDesignator=R? NewDesignator=R8
Change Component Designator: OldDesignator=R? NewDesignator=R9
Change Component Designator: OldDesignator=R? NewDesignator=R10
Change Component Designator: OldDesignator=R? NewDesignator=R11
Change Component Designator: OldDesignator=R? NewDesignator=R12
Change Component Designator: OldDesignator=R? NewDesignator=R13
Change Component Designator: OldDesignator=R? NewDesignator=R14
Added Component: Designator=C1(CAPC1608X90N)
Add component (AddParameter): Name = "Check_prices"; Value = "https://www.snapeda.com/parts/CL10B105KO8NNNC/Samsung/view-part/?ref=eda"; VariantName = "[No Variations]"
Add component (AddParameter): Name = "MF"; Value = "Samsung Electro-Mechanics"; VariantName = "[No Variations]"
Add component (AddParameter): Name = "MP"; Value = "CL10B105KO8NNNC"; VariantName = "[No Variations]"
Add component (AddParameter): Name = "Package"; Value = "SMD-2 Samsung"; VariantName = "[No Variations]"
Add component (AddParameter): Name = "SnapEDA_Link"; Value = "https://www.snapeda.com/parts/CL10B105KO8NNNC/Samsung/view-part/?ref=snap"; VariantName = "[No Variations]"
Add component (AddParameter): Name = "Value"; Value = ""; VariantName = "[No Variations]"
Added Component: Designator=C2(CAPRB250W50L450T300H550)
Add component (AddParameter): Name = "Check_prices"; Value = "https://www.snapeda.com/parts/FA14X8R1H104KNU06/TDK/view-part/?ref=eda"; VariantName = "[No Variations]"
Add component (AddParameter): Name = "MF"; Value = "TDK"; VariantName = "[No Variations]"
Add component (AddParameter): Name = "MP"; Value = "FA14X8R1H104KNU06"; VariantName = "[No Variations]"
Add component (AddParameter): Name = "Package"; Value = "Radial TDK"; VariantName = "[No Variations]"
Add component (AddParameter): Name = "SnapEDA_Link"; Value = "https://www.snapeda.com/parts/FA14X8R1H104KNU06/TDK/view-part/?ref=snap"; VariantName = "[No Variations]"
Add component (AddParameter): Name = "Value"; Value = ""; VariantName = "[No Variations]"
Added Component: Designator=C3(CAPPRD750W80D1600H2500)
Add component (AddParameter): Name = "Availability"; Value = "In Stock"; VariantName = "[No Variations]"
Add component (AddParameter): Name = "Check_prices"; Value = "https://www.snapeda.com/parts/ECA2AM471B/Panasonic/view-part/?ref=eda"; VariantName = "[No Variations]"
Add component (AddParameter): Name = "MF"; Value = "Panasonic"; VariantName = "[No Variations]"
Add component (AddParameter): Name = "MP"; Value = "ECA2AM471B"; VariantName = "[No Variations]"
Add component (AddParameter): Name = "Package"; Value = "RADIAL-2 Panasonic"; VariantName = "[No Variations]"
Add component (AddParameter): Name = "Price"; Value = "None"; VariantName = "[No Variations]"
Add component (AddParameter): Name = "Purchase-URL"; Value = "https://pricing.snapeda.com/search/part/ECA2AM471B/?ref=eda"; VariantName = "[No Variations]"
Add component (AddParameter): Name = "SnapEDA_Link"; Value = "https://www.snapeda.com/parts/ECA2AM471B/Panasonic/view-part/?ref=snap"; VariantName = "[No Variations]"
Add component (AddParameter): Name = "Value"; Value = ""; VariantName = "[No Variations]"
Added Component: Designator=C4(CAPRB250W50L450T300H550)
Add component (AddParameter): Name = "Check_prices"; Value = "https://www.snapeda.com/parts/FA14X8R1H104KNU06/TDK/view-part/?ref=eda"; VariantName = "[No Variations]"
Add component (AddParameter): Name = "MF"; Value = "TDK"; VariantName = "[No Variations]"
Add component (AddParameter): Name = "MP"; Value = "FA14X8R1H104KNU06"; VariantName = "[No Variations]"
Add component (AddParameter): Name = "Package"; Value = "Radial TDK"; VariantName = "[No Variations]"
Add component (AddParameter): Name = "SnapEDA_Link"; Value = "https://www.snapeda.com/parts/FA14X8R1H104KNU06/TDK/view-part/?ref=snap"; VariantName = "[No Variations]"
Add component (AddParameter): Name = "Value"; Value = ""; VariantName = "[No Variations]"
Added Component: Designator=C5(CAPRB250W50L450T300H550)
Add component (AddParameter): Name = "Check_prices"; Value = "https://www.snapeda.com/parts/FA14X8R1H104KNU06/TDK/view-part/?ref=eda"; VariantName = "[No Variations]"
Add component (AddParameter): Name = "MF"; Value = "TDK"; VariantName = "[No Variations]"
Add component (AddParameter): Name = "MP"; Value = "FA14X8R1H104KNU06"; VariantName = "[No Variations]"
Add component (AddParameter): Name = "Package"; Value = "Radial TDK"; VariantName = "[No Variations]"
Add component (AddParameter): Name = "SnapEDA_Link"; Value = "https://www.snapeda.com/parts/FA14X8R1H104KNU06/TDK/view-part/?ref=snap"; VariantName = "[No Variations]"
Add component (AddParameter): Name = "Value"; Value = ""; VariantName = "[No Variations]"
Added Component: Designator=C6(CAPRB250W50L450T300H550)
Add component (AddParameter): Name = "Check_prices"; Value = "https://www.snapeda.com/parts/FA14X8R1H104KNU06/TDK/view-part/?ref=eda"; VariantName = "[No Variations]"
Add component (AddParameter): Name = "MF"; Value = "TDK"; VariantName = "[No Variations]"
Add component (AddParameter): Name = "MP"; Value = "FA14X8R1H104KNU06"; VariantName = "[No Variations]"
Add component (AddParameter): Name = "Package"; Value = "Radial TDK"; VariantName = "[No Variations]"
Add component (AddParameter): Name = "SnapEDA_Link"; Value = "https://www.snapeda.com/parts/FA14X8R1H104KNU06/TDK/view-part/?ref=snap"; VariantName = "[No Variations]"
Add component (AddParameter): Name = "Value"; Value = ""; VariantName = "[No Variations]"
Added Component: Designator=C7(CAPRB250W50L450T300H550)
Add component (AddParameter): Name = "Check_prices"; Value = "https://www.snapeda.com/parts/FA14X8R1H104KNU06/TDK/view-part/?ref=eda"; VariantName = "[No Variations]"
Add component (AddParameter): Name = "MF"; Value = "TDK"; VariantName = "[No Variations]"
Add component (AddParameter): Name = "MP"; Value = "FA14X8R1H104KNU06"; VariantName = "[No Variations]"
Add component (AddParameter): Name = "Package"; Value = "Radial TDK"; VariantName = "[No Variations]"
Add component (AddParameter): Name = "SnapEDA_Link"; Value = "https://www.snapeda.com/parts/FA14X8R1H104KNU06/TDK/view-part/?ref=snap"; VariantName = "[No Variations]"
Add component (AddParameter): Name = "Value"; Value = ""; VariantName = "[No Variations]"
Added Component: Designator=C8(CAPRB250W50L450T300H550)
Add component (AddParameter): Name = "Check_prices"; Value = "https://www.snapeda.com/parts/FA14X8R1H104KNU06/TDK/view-part/?ref=eda"; VariantName = "[No Variations]"
Add component (AddParameter): Name = "MF"; Value = "TDK"; VariantName = "[No Variations]"
Add component (AddParameter): Name = "MP"; Value = "FA14X8R1H104KNU06"; VariantName = "[No Variations]"
Add component (AddParameter): Name = "Package"; Value = "Radial TDK"; VariantName = "[No Variations]"
Add component (AddParameter): Name = "SnapEDA_Link"; Value = "https://www.snapeda.com/parts/FA14X8R1H104KNU06/TDK/view-part/?ref=snap"; VariantName = "[No Variations]"
Add component (AddParameter): Name = "Value"; Value = ""; VariantName = "[No Variations]"
Added Component: Designator=C9(CAPRB250W50L450T300H550)
Add component (AddParameter): Name = "Check_prices"; Value = "https://www.snapeda.com/parts/FA14X8R1H104KNU06/TDK/view-part/?ref=eda"; VariantName = "[No Variations]"
Add component (AddParameter): Name = "MF"; Value = "TDK"; VariantName = "[No Variations]"
Add component (AddParameter): Name = "MP"; Value = "FA14X8R1H104KNU06"; VariantName = "[No Variations]"
Add component (AddParameter): Name = "Package"; Value = "Radial TDK"; VariantName = "[No Variations]"
Add component (AddParameter): Name = "SnapEDA_Link"; Value = "https://www.snapeda.com/parts/FA14X8R1H104KNU06/TDK/view-part/?ref=snap"; VariantName = "[No Variations]"
Add component (AddParameter): Name = "Value"; Value = ""; VariantName = "[No Variations]"
Added Component: Designator=C10(CAPRB250W50L450T300H550)
Add component (AddParameter): Name = "Check_prices"; Value = "https://www.snapeda.com/parts/FA14X8R1H104KNU06/TDK/view-part/?ref=eda"; VariantName = "[No Variations]"
Add component (AddParameter): Name = "MF"; Value = "TDK"; VariantName = "[No Variations]"
Add component (AddParameter): Name = "MP"; Value = "FA14X8R1H104KNU06"; VariantName = "[No Variations]"
Add component (AddParameter): Name = "Package"; Value = "Radial TDK"; VariantName = "[No Variations]"
Add component (AddParameter): Name = "SnapEDA_Link"; Value = "https://www.snapeda.com/parts/FA14X8R1H104KNU06/TDK/view-part/?ref=snap"; VariantName = "[No Variations]"
Add component (AddParameter): Name = "Value"; Value = ""; VariantName = "[No Variations]"
Added Component: Designator=C11(CAPRB250W50L450T300H550)
Add component (AddParameter): Name = "Check_prices"; Value = "https://www.snapeda.com/parts/FA14X8R1H104KNU06/TDK/view-part/?ref=eda"; VariantName = "[No Variations]"
Add component (AddParameter): Name = "MF"; Value = "TDK"; VariantName = "[No Variations]"
Add component (AddParameter): Name = "MP"; Value = "FA14X8R1H104KNU06"; VariantName = "[No Variations]"
Add component (AddParameter): Name = "Package"; Value = "Radial TDK"; VariantName = "[No Variations]"
Add component (AddParameter): Name = "SnapEDA_Link"; Value = "https://www.snapeda.com/parts/FA14X8R1H104KNU06/TDK/view-part/?ref=snap"; VariantName = "[No Variations]"
Add component (AddParameter): Name = "Value"; Value = ""; VariantName = "[No Variations]"
Added Component: Designator=D1(TO229P990X238-4N)
Add component (AddParameter): Name = "Check_prices"; Value = "https://www.snapeda.com/parts/MBRD1045T4G/Onsemi/view-part/?ref=eda"; VariantName = "[No Variations]"
Add component (AddParameter): Name = "MF"; Value = "ON Semiconductor"; VariantName = "[No Variations]"
Add component (AddParameter): Name = "MP"; Value = "MBRD1045T4G"; VariantName = "[No Variations]"
Add component (AddParameter): Name = "Package"; Value = "DPAK-3 ON Semiconductor"; VariantName = "[No Variations]"
Add component (AddParameter): Name = "SnapEDA_Link"; Value = "https://www.snapeda.com/parts/MBRD1045T4G/Onsemi/view-part/?ref=snap"; VariantName = "[No Variations]"
Add component (AddParameter): Name = "Value"; Value = ""; VariantName = "[No Variations]"
Added Component: Designator=D2(DIOM4336X265N)
Add component (AddParameter): Name = "Check_prices"; Value = "https://www.snapeda.com/parts/SMBJ12A/taiwan/view-part/?ref=eda"; VariantName = "[No Variations]"
Add component (AddParameter): Name = "MF"; Value = "Taiwan Semiconductor Corporation"; VariantName = "[No Variations]"
Add component (AddParameter): Name = "MP"; Value = "SMBJ12A"; VariantName = "[No Variations]"
Add component (AddParameter): Name = "Package"; Value = "SMD-2 Taiwan Semiconductor"; VariantName = "[No Variations]"
Add component (AddParameter): Name = "SnapEDA_Link"; Value = "https://www.snapeda.com/parts/SMBJ12A/taiwan/view-part/?ref=snap"; VariantName = "[No Variations]"
Add component (AddParameter): Name = "Value"; Value = ""; VariantName = "[No Variations]"
Added Component: Designator=D3(DIOM4336X265N)
Add component (AddParameter): Name = "Check_prices"; Value = "https://www.snapeda.com/parts/SMBJ8.0CA/taiwan/view-part/?ref=eda"; VariantName = "[No Variations]"
Add component (AddParameter): Name = "MF"; Value = "Taiwan Semiconductor"; VariantName = "[No Variations]"
Add component (AddParameter): Name = "MP"; Value = "SMBJ8.0CA"; VariantName = "[No Variations]"
Add component (AddParameter): Name = "Package"; Value = "SMB Taiwan Semiconductor"; VariantName = "[No Variations]"
Add component (AddParameter): Name = "SnapEDA_Link"; Value = "https://www.snapeda.com/parts/SMBJ8.0CA/taiwan/view-part/?ref=snap"; VariantName = "[No Variations]"
Add component (AddParameter): Name = "Value"; Value = ""; VariantName = "[No Variations]"
Added Component: Designator=D4(DIOM4336X265N)
Add component (AddParameter): Name = "Check_prices"; Value = "https://www.snapeda.com/parts/SMBJ12A/taiwan/view-part/?ref=eda"; VariantName = "[No Variations]"
Add component (AddParameter): Name = "MF"; Value = "Taiwan Semiconductor Corporation"; VariantName = "[No Variations]"
Add component (AddParameter): Name = "MP"; Value = "SMBJ12A"; VariantName = "[No Variations]"
Add component (AddParameter): Name = "Package"; Value = "SMD-2 Taiwan Semiconductor"; VariantName = "[No Variations]"
Add component (AddParameter): Name = "SnapEDA_Link"; Value = "https://www.snapeda.com/parts/SMBJ12A/taiwan/view-part/?ref=snap"; VariantName = "[No Variations]"
Add component (AddParameter): Name = "Value"; Value = ""; VariantName = "[No Variations]"
Added Component: Designator=F1(0154007.DR)
Add component (AddParameter): Name = "Availability"; Value = "In Stock"; VariantName = "[No Variations]"
Add component (AddParameter): Name = "Check_prices"; Value = "https://www.snapeda.com/parts/0154007.DR/Littelfuse+Inc./view-part/?ref=eda"; VariantName = "[No Variations]"
Add component (AddParameter): Name = "MF"; Value = "Littelfuse Inc."; VariantName = "[No Variations]"
Add component (AddParameter): Name = "MP"; Value = "0154007.DR"; VariantName = "[No Variations]"
Add component (AddParameter): Name = "Package"; Value = "SMD-2 Littelfuse"; VariantName = "[No Variations]"
Add component (AddParameter): Name = "Price"; Value = "None"; VariantName = "[No Variations]"
Add component (AddParameter): Name = "Purchase-URL"; Value = "https://pricing.snapeda.com/search?q=0154007.DR&ref=eda"; VariantName = "[No Variations]"
Add component (AddParameter): Name = "SnapEDA_Link"; Value = "https://www.snapeda.com/parts/0154007.DR/Littelfuse+Inc./view-part/?ref=snap"; VariantName = "[No Variations]"
Add component (AddParameter): Name = "Value"; Value = ""; VariantName = "[No Variations]"
Added Component: Designator=J1(TE_282836-3)
Add component (AddParameter): Name = "Availability"; Value = "Unavailable"; VariantName = "[No Variations]"
Add component (AddParameter): Name = "MF"; Value = ""; VariantName = "[No Variations]"
Add component (AddParameter): Name = "MP"; Value = "282836-3"; VariantName = "[No Variations]"
Add component (AddParameter): Name = "Package"; Value = "None"; VariantName = "[No Variations]"
Add component (AddParameter): Name = "Price"; Value = "None"; VariantName = "[No Variations]"
Add component (AddParameter): Name = "Value"; Value = ""; VariantName = "[No Variations]"
Added Component: Designator=J2(OST_OSTTF020161)
Add component (AddParameter): Name = "Check_prices"; Value = "https://www.snapeda.com/parts/OSTTF020161/ON/view-part/?ref=eda"; VariantName = "[No Variations]"
Add component (AddParameter): Name = "MF"; Value = "On Shore"; VariantName = "[No Variations]"
Add component (AddParameter): Name = "MP"; Value = "OSTTF020161"; VariantName = "[No Variations]"
Add component (AddParameter): Name = "Package"; Value = "None"; VariantName = "[No Variations]"
Add component (AddParameter): Name = "SnapEDA_Link"; Value = "https://www.snapeda.com/parts/OSTTF020161/ON/view-part/?ref=snap"; VariantName = "[No Variations]"
Add component (AddParameter): Name = "Value"; Value = ""; VariantName = "[No Variations]"
Added Component: Designator=J3(TE_282836-3)
Add component (AddParameter): Name = "Availability"; Value = "Unavailable"; VariantName = "[No Variations]"
Add component (AddParameter): Name = "MF"; Value = ""; VariantName = "[No Variations]"
Add component (AddParameter): Name = "MP"; Value = "282836-3"; VariantName = "[No Variations]"
Add component (AddParameter): Name = "Package"; Value = "None"; VariantName = "[No Variations]"
Add component (AddParameter): Name = "Price"; Value = "None"; VariantName = "[No Variations]"
Add component (AddParameter): Name = "Value"; Value = ""; VariantName = "[No Variations]"
Added Component: Designator=J4(TE_282836-3)
Add component (AddParameter): Name = "Availability"; Value = "Unavailable"; VariantName = "[No Variations]"
Add component (AddParameter): Name = "MF"; Value = ""; VariantName = "[No Variations]"
Add component (AddParameter): Name = "MP"; Value = "282836-3"; VariantName = "[No Variations]"
Add component (AddParameter): Name = "Package"; Value = "None"; VariantName = "[No Variations]"
Add component (AddParameter): Name = "Price"; Value = "None"; VariantName = "[No Variations]"
Add component (AddParameter): Name = "Value"; Value = ""; VariantName = "[No Variations]"
Added Component: Designator=J5(SAMTEC_USBR-B-S-S-O-VT)
Add component (AddParameter): Name = "Availability"; Value = "Unavailable"; VariantName = "[No Variations]"
Add component (AddParameter): Name = "MF"; Value = "Samtec"; VariantName = "[No Variations]"
Add component (AddParameter): Name = "MP"; Value = "USBR-B-S-S-O-VT"; VariantName = "[No Variations]"
Add component (AddParameter): Name = "Package"; Value = "None"; VariantName = "[No Variations]"
Add component (AddParameter): Name = "Price"; Value = "None"; VariantName = "[No Variations]"
Add component (AddParameter): Name = "Value"; Value = ""; VariantName = "[No Variations]"
Added Component: Designator=L1(IND_AMDLA1004S-470MT)
Add component (AddParameter): Name = "Availability"; Value = "In Stock"; VariantName = "[No Variations]"
Add component (AddParameter): Name = "Check_prices"; Value = "https://www.snapeda.com/parts/AMDLA1004S-470MT/Abracon+LLC/view-part/?ref=eda"; VariantName = "[No Variations]"
Add component (AddParameter): Name = "MF"; Value = "Abracon LLC"; VariantName = "[No Variations]"
Add component (AddParameter): Name = "MP"; Value = "AMDLA1004S-470MT"; VariantName = "[No Variations]"
Add component (AddParameter): Name = "Package"; Value = "Package"; VariantName = "[No Variations]"
Add component (AddParameter): Name = "Price"; Value = "None"; VariantName = "[No Variations]"
Add component (AddParameter): Name = "Purchase-URL"; Value = "https://pricing.snapeda.com/search/part/AMDLA1004S-470MT/?ref=eda"; VariantName = "[No Variations]"
Add component (AddParameter): Name = "SnapEDA_Link"; Value = "https://www.snapeda.com/parts/AMDLA1004S-470MT/Abracon+LLC/view-part/?ref=snap"; VariantName = "[No Variations]"
Add component (AddParameter): Name = "Value"; Value = ""; VariantName = "[No Variations]"
Added Component: Designator=LED1(LED3MM)
Add component (AddParameter): Name = "Check_prices"; Value = "https://www.snapeda.com/parts/TLLR4400/Vishay+Semiconductor+Opto+Division/view-part/?ref=eda"; VariantName = "[No Variations]"
Add component (AddParameter): Name = "MF"; Value = "Vishay"; VariantName = "[No Variations]"
Add component (AddParameter): Name = "MP"; Value = "TLLR4400"; VariantName = "[No Variations]"
Add component (AddParameter): Name = "Package"; Value = "None"; VariantName = "[No Variations]"
Add component (AddParameter): Name = "SnapEDA_Link"; Value = "https://www.snapeda.com/parts/TLLR4400/Vishay+Semiconductor+Opto+Division/view-part/?ref=snap"; VariantName = "[No Variations]"
Add component (AddParameter): Name = "Value"; Value = ""; VariantName = "[No Variations]"
Added Component: Designator=LED2(LED3MM)
Add component (AddParameter): Name = "Check_prices"; Value = "https://www.snapeda.com/parts/TLLR4400/Vishay+Semiconductor+Opto+Division/view-part/?ref=eda"; VariantName = "[No Variations]"
Add component (AddParameter): Name = "MF"; Value = "Vishay"; VariantName = "[No Variations]"
Add component (AddParameter): Name = "MP"; Value = "TLLR4400"; VariantName = "[No Variations]"
Add component (AddParameter): Name = "Package"; Value = "None"; VariantName = "[No Variations]"
Add component (AddParameter): Name = "SnapEDA_Link"; Value = "https://www.snapeda.com/parts/TLLR4400/Vishay+Semiconductor+Opto+Division/view-part/?ref=snap"; VariantName = "[No Variations]"
Add component (AddParameter): Name = "Value"; Value = ""; VariantName = "[No Variations]"
Added Component: Designator=LED3(LED3MM)
Add component (AddParameter): Name = "Check_prices"; Value = "https://www.snapeda.com/parts/TLLR4400/Vishay+Semiconductor+Opto+Division/view-part/?ref=eda"; VariantName = "[No Variations]"
Add component (AddParameter): Name = "MF"; Value = "Vishay"; VariantName = "[No Variations]"
Add component (AddParameter): Name = "MP"; Value = "TLLR4400"; VariantName = "[No Variations]"
Add component (AddParameter): Name = "Package"; Value = "None"; VariantName = "[No Variations]"
Add component (AddParameter): Name = "SnapEDA_Link"; Value = "https://www.snapeda.com/parts/TLLR4400/Vishay+Semiconductor+Opto+Division/view-part/?ref=snap"; VariantName = "[No Variations]"
Add component (AddParameter): Name = "Value"; Value = ""; VariantName = "[No Variations]"
Added Component: Designator=LED4(LED3MM)
Add component (AddParameter): Name = "Check_prices"; Value = "https://www.snapeda.com/parts/TLLR4400/Vishay+Semiconductor+Opto+Division/view-part/?ref=eda"; VariantName = "[No Variations]"
Add component (AddParameter): Name = "MF"; Value = "Vishay"; VariantName = "[No Variations]"
Add component (AddParameter): Name = "MP"; Value = "TLLR4400"; VariantName = "[No Variations]"
Add component (AddParameter): Name = "Package"; Value = "None"; VariantName = "[No Variations]"
Add component (AddParameter): Name = "SnapEDA_Link"; Value = "https://www.snapeda.com/parts/TLLR4400/Vishay+Semiconductor+Opto+Division/view-part/?ref=snap"; VariantName = "[No Variations]"
Add component (AddParameter): Name = "Value"; Value = ""; VariantName = "[No Variations]"
Added Component: Designator=LED5(LED3MM)
Add component (AddParameter): Name = "Check_prices"; Value = "https://www.snapeda.com/parts/TLLR4400/Vishay+Semiconductor+Opto+Division/view-part/?ref=eda"; VariantName = "[No Variations]"
Add component (AddParameter): Name = "MF"; Value = "Vishay"; VariantName = "[No Variations]"
Add component (AddParameter): Name = "MP"; Value = "TLLR4400"; VariantName = "[No Variations]"
Add component (AddParameter): Name = "Package"; Value = "None"; VariantName = "[No Variations]"
Add component (AddParameter): Name = "SnapEDA_Link"; Value = "https://www.snapeda.com/parts/TLLR4400/Vishay+Semiconductor+Opto+Division/view-part/?ref=snap"; VariantName = "[No Variations]"
Add component (AddParameter): Name = "Value"; Value = ""; VariantName = "[No Variations]"
Added Component: Designator=LED6(LED3MM)
Add component (AddParameter): Name = "Check_prices"; Value = "https://www.snapeda.com/parts/TLLR4400/Vishay+Semiconductor+Opto+Division/view-part/?ref=eda"; VariantName = "[No Variations]"
Add component (AddParameter): Name = "MF"; Value = "Vishay"; VariantName = "[No Variations]"
Add component (AddParameter): Name = "MP"; Value = "TLLR4400"; VariantName = "[No Variations]"
Add component (AddParameter): Name = "Package"; Value = "None"; VariantName = "[No Variations]"
Add component (AddParameter): Name = "SnapEDA_Link"; Value = "https://www.snapeda.com/parts/TLLR4400/Vishay+Semiconductor+Opto+Division/view-part/?ref=snap"; VariantName = "[No Variations]"
Add component (AddParameter): Name = "Value"; Value = ""; VariantName = "[No Variations]"
Added Component: Designator=Q1(ONSC-D2PAK-3-418B-04_V)
Add component (AddParameter): Name = "Availability"; Value = "In Stock"; VariantName = "[No Variations]"
Add component (AddParameter): Name = "Check_prices"; Value = "https://www.snapeda.com/parts/MTB50P03HDLT4G/Onsemi/view-part/?ref=eda"; VariantName = "[No Variations]"
Add component (AddParameter): Name = "MF"; Value = "ON Semiconductor"; VariantName = "[No Variations]"
Add component (AddParameter): Name = "MP"; Value = "MTB50P03HDLT4G"; VariantName = "[No Variations]"
Add component (AddParameter): Name = "Package"; Value = "D2PAK ON Semiconductor"; VariantName = "[No Variations]"
Add component (AddParameter): Name = "Price"; Value = "None"; VariantName = "[No Variations]"
Add component (AddParameter): Name = "Purchase-URL"; Value = "https://pricing.snapeda.com/search/part/MTB50P03HDLT4G/?ref=eda"; VariantName = "[No Variations]"
Add component (AddParameter): Name = "SnapEDA_Link"; Value = "https://www.snapeda.com/parts/MTB50P03HDLT4G/Onsemi/view-part/?ref=snap"; VariantName = "[No Variations]"
Add component (AddParameter): Name = "Value"; Value = ""; VariantName = "[No Variations]"
Added Component: Designator=Q2(ONSC-D2PAK-3-418B-04_V)
Add component (AddParameter): Name = "Availability"; Value = "In Stock"; VariantName = "[No Variations]"
Add component (AddParameter): Name = "Check_prices"; Value = "https://www.snapeda.com/parts/MTB50P03HDLT4G/Onsemi/view-part/?ref=eda"; VariantName = "[No Variations]"
Add component (AddParameter): Name = "MF"; Value = "ON Semiconductor"; VariantName = "[No Variations]"
Add component (AddParameter): Name = "MP"; Value = "MTB50P03HDLT4G"; VariantName = "[No Variations]"
Add component (AddParameter): Name = "Package"; Value = "D2PAK ON Semiconductor"; VariantName = "[No Variations]"
Add component (AddParameter): Name = "Price"; Value = "None"; VariantName = "[No Variations]"
Add component (AddParameter): Name = "Purchase-URL"; Value = "https://pricing.snapeda.com/search/part/MTB50P03HDLT4G/?ref=eda"; VariantName = "[No Variations]"
Add component (AddParameter): Name = "SnapEDA_Link"; Value = "https://www.snapeda.com/parts/MTB50P03HDLT4G/Onsemi/view-part/?ref=snap"; VariantName = "[No Variations]"
Add component (AddParameter): Name = "Value"; Value = ""; VariantName = "[No Variations]"
Added Component: Designator=Q3(ONSC-D2PAK-3-418B-04_V)
Add component (AddParameter): Name = "Availability"; Value = "In Stock"; VariantName = "[No Variations]"
Add component (AddParameter): Name = "Check_prices"; Value = "https://www.snapeda.com/parts/MTB50P03HDLT4G/Onsemi/view-part/?ref=eda"; VariantName = "[No Variations]"
Add component (AddParameter): Name = "MF"; Value = "ON Semiconductor"; VariantName = "[No Variations]"
Add component (AddParameter): Name = "MP"; Value = "MTB50P03HDLT4G"; VariantName = "[No Variations]"
Add component (AddParameter): Name = "Package"; Value = "D2PAK ON Semiconductor"; VariantName = "[No Variations]"
Add component (AddParameter): Name = "Price"; Value = "None"; VariantName = "[No Variations]"
Add component (AddParameter): Name = "Purchase-URL"; Value = "https://pricing.snapeda.com/search/part/MTB50P03HDLT4G/?ref=eda"; VariantName = "[No Variations]"
Add component (AddParameter): Name = "SnapEDA_Link"; Value = "https://www.snapeda.com/parts/MTB50P03HDLT4G/Onsemi/view-part/?ref=snap"; VariantName = "[No Variations]"
Add component (AddParameter): Name = "Value"; Value = ""; VariantName = "[No Variations]"
Added Component: Designator=Q4(TO92254P460H750-3)
Add component (AddParameter): Name = "Check_prices"; Value = "https://www.snapeda.com/parts/2N3904/Diotec/view-part/?ref=eda"; VariantName = "[No Variations]"
Add component (AddParameter): Name = "MF"; Value = "Diotec Semiconductor"; VariantName = "[No Variations]"
Add component (AddParameter): Name = "MP"; Value = "2N3904"; VariantName = "[No Variations]"
Add component (AddParameter): Name = "Package"; Value = "TO-92 Diotec"; VariantName = "[No Variations]"
Add component (AddParameter): Name = "SnapEDA_Link"; Value = "https://www.snapeda.com/parts/2N3904/Diotec/view-part/?ref=snap"; VariantName = "[No Variations]"
Add component (AddParameter): Name = "Value"; Value = ""; VariantName = "[No Variations]"
Added Component: Designator=Q5(TO92254P460H750-3)
Add component (AddParameter): Name = "Check_prices"; Value = "https://www.snapeda.com/parts/2N3904/Diotec/view-part/?ref=eda"; VariantName = "[No Variations]"
Add component (AddParameter): Name = "MF"; Value = "Diotec Semiconductor"; VariantName = "[No Variations]"
Add component (AddParameter): Name = "MP"; Value = "2N3904"; VariantName = "[No Variations]"
Add component (AddParameter): Name = "Package"; Value = "TO-92 Diotec"; VariantName = "[No Variations]"
Add component (AddParameter): Name = "SnapEDA_Link"; Value = "https://www.snapeda.com/parts/2N3904/Diotec/view-part/?ref=snap"; VariantName = "[No Variations]"
Add component (AddParameter): Name = "Value"; Value = ""; VariantName = "[No Variations]"
Added Component: Designator=U1(CONV_XL4015)
Add component (AddParameter): Name = "Check_prices"; Value = "https://www.snapeda.com/parts/XL4015/XLSEMI/view-part/?ref=eda"; VariantName = "[No Variations]"
Add component (AddParameter): Name = "MF"; Value = "XLSEMI"; VariantName = "[No Variations]"
Add component (AddParameter): Name = "MP"; Value = "XL4015"; VariantName = "[No Variations]"
Add component (AddParameter): Name = "Package"; Value = "None"; VariantName = "[No Variations]"
Add component (AddParameter): Name = "SnapEDA_Link"; Value = "https://www.snapeda.com/parts/XL4015/XLSEMI/view-part/?ref=snap"; VariantName = "[No Variations]"
Add component (AddParameter): Name = "Value"; Value = ""; VariantName = "[No Variations]"
Added Component: Designator=U2(SOT229P700X180-4N)
Add component (AddParameter): Name = "Check_prices"; Value = "https://www.snapeda.com/parts/AMS1117-3.3/UMW/view-part/?ref=eda"; VariantName = "[No Variations]"
Add component (AddParameter): Name = "MF"; Value = "UMW"; VariantName = "[No Variations]"
Add component (AddParameter): Name = "MP"; Value = "AMS1117-3.3"; VariantName = "[No Variations]"
Add component (AddParameter): Name = "Package"; Value = "SOT-223-3L UMW"; VariantName = "[No Variations]"
Add component (AddParameter): Name = "SnapEDA_Link"; Value = "https://www.snapeda.com/parts/AMS1117-3.3/UMW/view-part/?ref=snap"; VariantName = "[No Variations]"
Add component (AddParameter): Name = "Value"; Value = ""; VariantName = "[No Variations]"
Added Component: Designator=U3(QFP50P900X900X160-48N)
Add component (AddParameter): Name = "Check_prices"; Value = "https://www.snapeda.com/parts/STM32F103C8T6/STMicroelectronics/view-part/?ref=eda"; VariantName = "[No Variations]"
Add component (AddParameter): Name = "MF"; Value = "STMicroelectronics"; VariantName = "[No Variations]"
Add component (AddParameter): Name = "MP"; Value = "STM32F103C8T6"; VariantName = "[No Variations]"
Add component (AddParameter): Name = "Package"; Value = "LQFP-48 STMicroelectronics"; VariantName = "[No Variations]"
Add component (AddParameter): Name = "SnapEDA_Link"; Value = "https://www.snapeda.com/parts/STM32F103C8T6/STMicroelectronics/view-part/?ref=snap"; VariantName = "[No Variations]"
Add component (AddParameter): Name = "Value"; Value = ""; VariantName = "[No Variations]"
Added Pin To Net: NetName=12+ Pin=C1-2
Added Pin To Net: NetName=12+ Pin=C2-1
Added Pin To Net: NetName=12+ Pin=C2-2
Added Pin To Net: NetName=12+ Pin=C3-N
Added Pin To Net: NetName=12+ Pin=C3-P
Added Pin To Net: NetName=12+ Pin=C4-1
Added Pin To Net: NetName=8.4+ Pin=C4-2
Added Pin To Net: NetName=12+ Pin=C5-1
Added Pin To Net: NetName=3.3+ Pin=C5-2
Added Pin To Net: NetName=12+ Pin=C6-1
Added Pin To Net: NetName=12+ Pin=C6-2
Added Pin To Net: NetName=12+ Pin=C7-1
Added Pin To Net: NetName=12+ Pin=C7-2
Added Pin To Net: NetName=12+ Pin=C8-1
Added Pin To Net: NetName=3.3+ Pin=C8-2
Added Pin To Net: NetName=12+ Pin=C9-1
Added Pin To Net: NetName=3.3+ Pin=C9-2
Added Pin To Net: NetName=12+ Pin=C10-1
Added Pin To Net: NetName=3.3+ Pin=C10-2
Added Pin To Net: NetName=12+ Pin=C11-1
Added Pin To Net: NetName=3.3+ Pin=C11-2
Added Pin To Net: NetName=12+ Pin=D1-1
Added Pin To Net: NetName=12+ Pin=D1-3
Added Pin To Net: NetName=12+ Pin=D2-A
Added Pin To Net: NetName=12+ Pin=D2-C
Added Pin To Net: NetName=12+ Pin=D3-1
Added Pin To Net: NetName=12+ Pin=D3-2
Added Pin To Net: NetName=12+ Pin=D4-A
Added Pin To Net: NetName=12+ Pin=D4-C
Added Pin To Net: NetName=12+ Pin=F1-1
Added Pin To Net: NetName=12+ Pin=J1-1
Added Pin To Net: NetName=Control piston Pin=J1-2
Added Pin To Net: NetName=12+ Pin=J1-3
Added Pin To Net: NetName=12+ Pin=J2-1
Added Pin To Net: NetName=12+ Pin=J2-2
Added Pin To Net: NetName=12+ Pin=J3-1
Added Pin To Net: NetName=Control_S1 Pin=J3-2
Added Pin To Net: NetName=12+ Pin=J3-3
Added Pin To Net: NetName=12+ Pin=J4-1
Added Pin To Net: NetName=Control_S2 Pin=J4-2
Added Pin To Net: NetName=12+ Pin=J4-3
Added Pin To Net: NetName=3.3+ Pin=J5-01
Added Pin To Net: NetName=D- Pin=J5-02
Added Pin To Net: NetName=D+ Pin=J5-03
Added Pin To Net: NetName=12+ Pin=J5-04
Added Pin To Net: NetName=12+ Pin=J5-S1
Added Pin To Net: NetName=12+ Pin=J5-S2
Added Pin To Net: NetName=8.4+ Pin=L1-2
Added Pin To Net: NetName=12+ Pin=LED1-A
Added Pin To Net: NetName=12+ Pin=LED2-A
Added Pin To Net: NetName=12+ Pin=LED3-K
Added Pin To Net: NetName=12+ Pin=LED4-K
Added Pin To Net: NetName=12+ Pin=LED5-K
Added Pin To Net: NetName=12+ Pin=LED6-K
Added Pin To Net: NetName=12+ Pin=Q1-3
Added Pin To Net: NetName=12+ Pin=Q2-3
Added Pin To Net: NetName=12+ Pin=Q2-4
Added Pin To Net: NetName=12+ Pin=Q3-3
Added Pin To Net: NetName=8.4+ Pin=Q3-4
Added Pin To Net: NetName=12+ Pin=Q4-1
Added Pin To Net: NetName=12+ Pin=Q5-1
Added Pin To Net: NetName=Control piston Pin=Q5-3
Added Pin To Net: NetName=12+ Pin=U1-1
Added Pin To Net: NetName=8.4+ Pin=U1-2
Added Pin To Net: NetName=12+ Pin=U1-5
Added Pin To Net: NetName=12+ Pin=U2-1
Added Pin To Net: NetName=3.3+ Pin=U2-2
Added Pin To Net: NetName=8.4+ Pin=U2-3
Added Pin To Net: NetName=12+ Pin=U3-8
Added Pin To Net: NetName=3.3+ Pin=U3-9
Added Pin To Net: NetName=Control_S1 Pin=U3-10
Added Pin To Net: NetName=Control_S2 Pin=U3-11
Added Pin To Net: NetName=12+ Pin=U3-23
Added Pin To Net: NetName=3.3+ Pin=U3-24
Added Pin To Net: NetName=D+ Pin=U3-34
Added Pin To Net: NetName=12+ Pin=U3-35
Added Pin To Net: NetName=3.3+ Pin=U3-36
Added Pin To Net: NetName=D- Pin=U3-37
Added Pin To Net: NetName=12+ Pin=U3-47
Added Pin To Net: NetName=3.3+ Pin=U3-48
Added Pin To Net: NetName=NetC1_1 Pin=C1-1
Added Pin To Net: NetName=NetC1_1 Pin=U1-4
Added Net: Name=NetC1_1
Added Pin To Net: NetName=NetD1_4 Pin=D1-4
Added Pin To Net: NetName=NetD1_4 Pin=L1-1
Added Pin To Net: NetName=NetD1_4 Pin=U1-3
Added Net: Name=NetD1_4
Added Pin To Net: NetName=NetF1_2 Pin=F1-2
Added Pin To Net: NetName=NetF1_2 Pin=Q1-4
Added Net: Name=NetF1_2
Added Pin To Net: NetName=NetLED1_K Pin=LED1-K
Added Pin To Net: NetName=NetLED1_K Pin=R6-2
Added Net: Name=NetLED1_K
Added Pin To Net: NetName=NetLED2_K Pin=LED2-K
Added Pin To Net: NetName=NetLED2_K Pin=R7-2
Added Net: Name=NetLED2_K
Added Pin To Net: NetName=NetLED3_A Pin=LED3-A
Added Pin To Net: NetName=NetLED3_A Pin=R8-2
Added Net: Name=NetLED3_A
Added Pin To Net: NetName=NetLED4_A Pin=LED4-A
Added Pin To Net: NetName=NetLED4_A Pin=R9-2
Added Net: Name=NetLED4_A
Added Pin To Net: NetName=NetLED5_A Pin=LED5-A
Added Pin To Net: NetName=NetLED5_A Pin=R10-2
Added Net: Name=NetLED5_A
Added Pin To Net: NetName=NetLED6_A Pin=LED6-A
Added Pin To Net: NetName=NetLED6_A Pin=R12-2
Added Net: Name=NetLED6_A
Added Pin To Net: NetName=NetQ1_1 Pin=Q1-1
Added Pin To Net: NetName=NetQ1_1 Pin=R2-2
Added Net: Name=NetQ1_1
Added Pin To Net: NetName=NetQ4_2 Pin=Q4-2
Added Pin To Net: NetName=NetQ4_2 Pin=R11-1
Added Net: Name=NetQ4_2
Added Pin To Net: NetName=NetQ4_3 Pin=Q4-3
Added Pin To Net: NetName=NetQ4_3 Pin=Q5-2
Added Pin To Net: NetName=NetQ4_3 Pin=R13-2
Added Net: Name=NetQ4_3
Added Pin To Net: NetName=NetR11_2 Pin=R11-2
Added Pin To Net: NetName=NetR11_2 Pin=U3-16
Added Net: Name=NetR11_2
Added Member To Class: ClassName=Sheet1 Member=Component C1 CL10B105KO8NNNC
Added Member To Class: ClassName=Sheet1 Member=Component C2 FA14X8R1H104KNU06
Added Member To Class: ClassName=Sheet1 Member=Component C3 ECA2AM471B
Added Member To Class: ClassName=Sheet1 Member=Component C4 0.1 uf ceramic
Added Member To Class: ClassName=Sheet1 Member=Component C5 0.1 uf ceramic
Added Member To Class: ClassName=Sheet1 Member=Component C6 0.1 uf ceramic
Added Member To Class: ClassName=Sheet1 Member=Component C7 0.1 uf ceramic
Added Member To Class: ClassName=Sheet1 Member=Component C8 0.1 uf ceramic
Added Member To Class: ClassName=Sheet1 Member=Component C9 0.1 uf ceramic
Added Member To Class: ClassName=Sheet1 Member=Component C10 0.1 uf ceramic
Added Member To Class: ClassName=Sheet1 Member=Component C11 0.1 uf ceramic
Added Member To Class: ClassName=Sheet1 Member=Component D1 MBRD1045T4G
Added Member To Class: ClassName=Sheet1 Member=Component D2 SMBJ12A
Added Member To Class: ClassName=Sheet1 Member=Component D3 SMBJ8.0CA
Added Member To Class: ClassName=Sheet1 Member=Component D4 SMBJ12A
Added Member To Class: ClassName=Sheet1 Member=Component F1 0154007.DR
Added Member To Class: ClassName=Sheet1 Member=Component J1 282836-3
Added Member To Class: ClassName=Sheet1 Member=Component J2 OSTTF020161
Added Member To Class: ClassName=Sheet1 Member=Component J3 282836-3
Added Member To Class: ClassName=Sheet1 Member=Component J4 282836-3
Added Member To Class: ClassName=Sheet1 Member=Component J5 USBR-B-S-S-O-VT
Added Member To Class: ClassName=Sheet1 Member=Component L1 AMDLA1004S-470MT
Added Member To Class: ClassName=Sheet1 Member=Component LED1 TLLR4400
Added Member To Class: ClassName=Sheet1 Member=Component LED2 TLLR4400
Added Member To Class: ClassName=Sheet1 Member=Component LED3 TLLR4400
Added Member To Class: ClassName=Sheet1 Member=Component LED4 TLLR4400
Added Member To Class: ClassName=Sheet1 Member=Component LED5 TLLR4400
Added Member To Class: ClassName=Sheet1 Member=Component LED6 TLLR4400
Added Member To Class: ClassName=Sheet1 Member=Component Q1 MTB50P03HDLT4G
Added Member To Class: ClassName=Sheet1 Member=Component Q2 MTB50P03HDLT4G
Added Member To Class: ClassName=Sheet1 Member=Component Q3 MTB50P03HDLT4G
Added Member To Class: ClassName=Sheet1 Member=Component Q4 2N3904
Added Member To Class: ClassName=Sheet1 Member=Component Q5 2N3904
Added Member To Class: ClassName=Sheet1 Member=Component R1 14.3
Added Member To Class: ClassName=Sheet1 Member=Component R2 10k
Added Member To Class: ClassName=Sheet1 Member=Component R3 1.5
Added Member To Class: ClassName=Sheet1 Member=Component R4 10k
Added Member To Class: ClassName=Sheet1 Member=Component R5 10k
Added Member To Class: ClassName=Sheet1 Member=Component R6 330
Added Member To Class: ClassName=Sheet1 Member=Component R7 330
Added Member To Class: ClassName=Sheet1 Member=Component R8 MFR-25FBF52-10K
Added Member To Class: ClassName=Sheet1 Member=Component R9 MFR-25FBF52-10K
Added Member To Class: ClassName=Sheet1 Member=Component R11 4.7k
Added Member To Class: ClassName=Sheet1 Member=Component R12 MFR-25FBF52-10K
Added Member To Class: ClassName=Sheet1 Member=Component R13 4.7k
Added Member To Class: ClassName=Sheet1 Member=Component R14 1k
Added Member To Class: ClassName=Sheet1 Member=Component U1 XL4015
Added Member To Class: ClassName=Sheet1 Member=Component U2 AMS1117-3.3
Added Member To Class: ClassName=Sheet1 Member=Component U3 STM32F103C8T6
