Added Pin To Net: NetName=NetC1_1 Pin=C1-1
Added Pin To Net: NetName=12+ Pin=C1-2
Added Pin To Net: NetName=12+ Pin=C2-1
Added Pin To Net: NetName=12+ Pin=C2-2
Added Pin To Net: NetName=12+ Pin=C3-N
Added Pin To Net: NetName=12+ Pin=C3-P
Added Pin To Net: NetName=12+ Pin=C4-1
Added Pin To Net: NetName=8.4+ Pin=C4-2
Added Pin To Net: NetName=12+ Pin=C5-1
Added Pin To Net: NetName=3.3+ Pin=C5-2
Added Pin To Net: NetName=12+ Pin=C6-1
Added Pin To Net: NetName=12+ Pin=C6-2
Added Pin To Net: NetName=12+ Pin=C7-1
Added Pin To Net: NetName=12+ Pin=C7-2
Added Pin To Net: NetName=12+ Pin=C8-1
Added Pin To Net: NetName=3.3+ Pin=C8-2
Added Pin To Net: NetName=12+ Pin=C9-1
Added Pin To Net: NetName=3.3+ Pin=C9-2
Added Pin To Net: NetName=12+ Pin=C10-1
Added Pin To Net: NetName=3.3+ Pin=C10-2
Added Pin To Net: NetName=12+ Pin=C11-1
Added Pin To Net: NetName=3.3+ Pin=C11-2
Added Pin To Net: NetName=12+ Pin=D1-1
Added Pin To Net: NetName=12+ Pin=D1-3
Added Pin To Net: NetName=NetD1_4 Pin=D1-4
Added Pin To Net: NetName=12+ Pin=D2-A
Added Pin To Net: NetName=12+ Pin=D2-C
Added Pin To Net: NetName=12+ Pin=D3-1
Added Pin To Net: NetName=12+ Pin=D3-2
Added Pin To Net: NetName=12+ Pin=D4-A
Added Pin To Net: NetName=12+ Pin=D4-C
Added Pin To Net: NetName=12+ Pin=F1-1
Added Pin To Net: NetName=NetF1_2 Pin=F1-2
Added Pin To Net: NetName=12+ Pin=J1-1
Added Pin To Net: NetName=Control piston Pin=J1-2
Added Pin To Net: NetName=12+ Pin=J1-3
Added Pin To Net: NetName=12+ Pin=J2-1
Added Pin To Net: NetName=12+ Pin=J2-2
Added Pin To Net: NetName=12+ Pin=J3-1
Added Pin To Net: NetName=Control_S1 Pin=J3-2
Added Pin To Net: NetName=12+ Pin=J3-3
Added Pin To Net: NetName=12+ Pin=J4-1
Added Pin To Net: NetName=Control_S2 Pin=J4-2
Added Pin To Net: NetName=12+ Pin=J4-3
Added Pin To Net: NetName=3.3+ Pin=J5-01
Added Pin To Net: NetName=D- Pin=J5-02
Added Pin To Net: NetName=D+ Pin=J5-03
Added Pin To Net: NetName=12+ Pin=J5-04
Added Pin To Net: NetName=12+ Pin=J5-S1
Added Pin To Net: NetName=12+ Pin=J5-S2
Added Pin To Net: NetName=NetD1_4 Pin=L1-1
Added Pin To Net: NetName=8.4+ Pin=L1-2
Added Pin To Net: NetName=12+ Pin=LED1-A
Added Pin To Net: NetName=NetLED1_K Pin=LED1-K
Added Pin To Net: NetName=12+ Pin=LED2-A
Added Pin To Net: NetName=NetLED2_K Pin=LED2-K
Added Pin To Net: NetName=NetLED3_A Pin=LED3-A
Added Pin To Net: NetName=12+ Pin=LED3-K
Added Pin To Net: NetName=NetLED4_A Pin=LED4-A
Added Pin To Net: NetName=12+ Pin=LED4-K
Added Pin To Net: NetName=NetLED5_A Pin=LED5-A
Added Pin To Net: NetName=12+ Pin=LED5-K
Added Pin To Net: NetName=NetLED6_A Pin=LED6-A
Added Pin To Net: NetName=12+ Pin=LED6-K
Added Pin To Net: NetName=NetQ1_1 Pin=Q1-1
Added Pin To Net: NetName=12+ Pin=Q1-3
Added Pin To Net: NetName=NetF1_2 Pin=Q1-4
Added Pin To Net: NetName=12+ Pin=Q2-3
Added Pin To Net: NetName=12+ Pin=Q2-4
Added Pin To Net: NetName=12+ Pin=Q3-3
Added Pin To Net: NetName=8.4+ Pin=Q3-4
Added Pin To Net: NetName=12+ Pin=Q4-1
Added Pin To Net: NetName=NetQ4_2 Pin=Q4-2
Added Pin To Net: NetName=NetQ4_3 Pin=Q4-3
Added Pin To Net: NetName=12+ Pin=Q5-1
Added Pin To Net: NetName=NetQ4_3 Pin=Q5-2
Added Pin To Net: NetName=Control piston Pin=Q5-3
Added Pin To Net: NetName=8.4+ Pin=R1-1
Added Pin To Net: NetName=8.4+ Pin=R1-2
Added Pin To Net: NetName=12+ Pin=R2-1
Added Pin To Net: NetName=NetQ1_1 Pin=R2-2
Added Pin To Net: NetName=12+ Pin=R3-1
Added Pin To Net: NetName=8.4+ Pin=R3-2
Added Pin To Net: NetName=12+ Pin=R4-1
Added Pin To Net: NetName=12+ Pin=R5-1
Added Pin To Net: NetName=12+ Pin=R6-1
Added Pin To Net: NetName=NetLED1_K Pin=R6-2
Added Pin To Net: NetName=12+ Pin=R7-1
Added Pin To Net: NetName=NetLED2_K Pin=R7-2
Added Pin To Net: NetName=3.3+ Pin=R8-1
Added Pin To Net: NetName=NetLED3_A Pin=R8-2
Added Pin To Net: NetName=3.3+ Pin=R9-1
Added Pin To Net: NetName=NetLED4_A Pin=R9-2
Added Pin To Net: NetName=3.3+ Pin=R10-1
Added Pin To Net: NetName=NetLED5_A Pin=R10-2
Added Pin To Net: NetName=NetQ4_2 Pin=R11-1
Added Pin To Net: NetName=NetR11_2 Pin=R11-2
Added Pin To Net: NetName=3.3+ Pin=R12-1
Added Pin To Net: NetName=NetLED6_A Pin=R12-2
Added Pin To Net: NetName=12+ Pin=R13-1
Added Pin To Net: NetName=NetQ4_3 Pin=R13-2
Added Pin To Net: NetName=12+ Pin=R14-1
Added Pin To Net: NetName=Control piston Pin=R14-2
Added Pin To Net: NetName=12+ Pin=U1-1
Added Pin To Net: NetName=8.4+ Pin=U1-2
Added Pin To Net: NetName=NetD1_4 Pin=U1-3
Added Pin To Net: NetName=NetC1_1 Pin=U1-4
Added Pin To Net: NetName=12+ Pin=U1-5
Added Pin To Net: NetName=12+ Pin=U2-1
Added Pin To Net: NetName=3.3+ Pin=U2-2
Added Pin To Net: NetName=8.4+ Pin=U2-3
Added Pin To Net: NetName=12+ Pin=U3-8
Added Pin To Net: NetName=3.3+ Pin=U3-9
Added Pin To Net: NetName=Control_S1 Pin=U3-10
Added Pin To Net: NetName=Control_S2 Pin=U3-11
Added Pin To Net: NetName=NetR11_2 Pin=U3-16
Added Pin To Net: NetName=12+ Pin=U3-23
Added Pin To Net: NetName=3.3+ Pin=U3-24
Added Pin To Net: NetName=D+ Pin=U3-34
Added Pin To Net: NetName=12+ Pin=U3-35
Added Pin To Net: NetName=3.3+ Pin=U3-36
Added Pin To Net: NetName=D- Pin=U3-37
Added Pin To Net: NetName=12+ Pin=U3-47
Added Pin To Net: NetName=3.3+ Pin=U3-48
Added Pin To Net: NetName=NetQ3_1 Pin=Q3-1
Added Pin To Net: NetName=NetQ3_1 Pin=R5-2
Added Net: Name=NetQ3_1
Added Member To Class: ClassName=Sheet1 Member=Component C1 CL10B105KO8NNNC
Added Member To Class: ClassName=Sheet1 Member=Component C2 FA14X8R1H104KNU06
Added Member To Class: ClassName=Sheet1 Member=Component C3 ECA2AM471B
Added Member To Class: ClassName=Sheet1 Member=Component C4 0.1 uf ceramic
Added Member To Class: ClassName=Sheet1 Member=Component C5 0.1 uf ceramic
Added Member To Class: ClassName=Sheet1 Member=Component C6 0.1 uf ceramic
Added Member To Class: ClassName=Sheet1 Member=Component C7 0.1 uf ceramic
Added Member To Class: ClassName=Sheet1 Member=Component C8 0.1 uf ceramic
Added Member To Class: ClassName=Sheet1 Member=Component C9 0.1 uf ceramic
Added Member To Class: ClassName=Sheet1 Member=Component C10 0.1 uf ceramic
Added Member To Class: ClassName=Sheet1 Member=Component C11 0.1 uf ceramic
Added Member To Class: ClassName=Sheet1 Member=Component D1 MBRD1045T4G
Added Member To Class: ClassName=Sheet1 Member=Component D2 SMBJ12A
Added Member To Class: ClassName=Sheet1 Member=Component D3 SMBJ8.0CA
Added Member To Class: ClassName=Sheet1 Member=Component D4 SMBJ12A
Added Member To Class: ClassName=Sheet1 Member=Component F1 0154007.DR
Added Member To Class: ClassName=Sheet1 Member=Component J1 282836-3
Added Member To Class: ClassName=Sheet1 Member=Component J2 OSTTF020161
Added Member To Class: ClassName=Sheet1 Member=Component J3 282836-3
Added Member To Class: ClassName=Sheet1 Member=Component J4 282836-3
Added Member To Class: ClassName=Sheet1 Member=Component J5 USBR-B-S-S-O-VT
Added Member To Class: ClassName=Sheet1 Member=Component L1 AMDLA1004S-470MT
Added Member To Class: ClassName=Sheet1 Member=Component LED1 TLLR4400
Added Member To Class: ClassName=Sheet1 Member=Component LED2 TLLR4400
Added Member To Class: ClassName=Sheet1 Member=Component LED3 TLLR4400
Added Member To Class: ClassName=Sheet1 Member=Component LED4 TLLR4400
Added Member To Class: ClassName=Sheet1 Member=Component LED5 TLLR4400
Added Member To Class: ClassName=Sheet1 Member=Component LED6 TLLR4400
Added Member To Class: ClassName=Sheet1 Member=Component Q1 MTB50P03HDLT4G
Added Member To Class: ClassName=Sheet1 Member=Component Q2 MTB50P03HDLT4G
Added Member To Class: ClassName=Sheet1 Member=Component Q3 MTB50P03HDLT4G
Added Member To Class: ClassName=Sheet1 Member=Component Q4 2N3904
Added Member To Class: ClassName=Sheet1 Member=Component Q5 2N3904
Added Member To Class: ClassName=Sheet1 Member=Component R1 14.3
Added Member To Class: ClassName=Sheet1 Member=Component R2 10k
Added Member To Class: ClassName=Sheet1 Member=Component R3 1.5
Added Member To Class: ClassName=Sheet1 Member=Component R4 10k
Added Member To Class: ClassName=Sheet1 Member=Component R5 10k
Added Member To Class: ClassName=Sheet1 Member=Component R6 330
Added Member To Class: ClassName=Sheet1 Member=Component R7 330
Added Member To Class: ClassName=Sheet1 Member=Component R8 MFR-25FBF52-10K
Added Member To Class: ClassName=Sheet1 Member=Component R9 MFR-25FBF52-10K
Added Member To Class: ClassName=Sheet1 Member=Component R10 MFR-25FBF52-10K
Added Member To Class: ClassName=Sheet1 Member=Component R11 4.7k
Added Member To Class: ClassName=Sheet1 Member=Component R12 MFR-25FBF52-10K
Added Member To Class: ClassName=Sheet1 Member=Component R13 4.7k
Added Member To Class: ClassName=Sheet1 Member=Component R14 1k
Added Member To Class: ClassName=Sheet1 Member=Component U1 XL4015
Added Member To Class: ClassName=Sheet1 Member=Component U2 AMS1117-3.3
Added Member To Class: ClassName=Sheet1 Member=Component U3 STM32F103C8T6
