Add component: Footprint Not Found CAPC1608X90N
Add component: Footprint Not Found CAPRB250W50L450T300H550
Add component: Footprint Not Found CAPPRD750W80D1600H2500
Add component: Footprint Not Found CAPRB250W50L450T300H550
Add component: Footprint Not Found CAPRB250W50L450T300H550
Add component: Footprint Not Found CAPRB250W50L450T300H550
Add component: Footprint Not Found CAPRB250W50L450T300H550
Add component: Footprint Not Found CAPRB250W50L450T300H550
Add component: Footprint Not Found CAPRB250W50L450T300H550
Add component: Footprint Not Found CAPRB250W50L450T300H550
Add component: Footprint Not Found CAPRB250W50L450T300H550
Add component: Footprint Not Found TO229P990X238-4N
Add component: Footprint Not Found DIOM4336X265N
Add component: Footprint Not Found DIOM4336X265N
Add component: Footprint Not Found DIOM4336X265N
Add component: Footprint Not Found 0154007.DR
Add component: Footprint Not Found TE_282836-3
Add component: Footprint Not Found OST_OSTTF020161
Add component: Footprint Not Found TE_282836-3
Add component: Footprint Not Found TE_282836-3
Add component: Footprint Not Found SAMTEC_USBR-B-S-S-O-VT
Add component: Footprint Not Found IND_AMDLA1004S-470MT
Add component: Footprint Not Found LED3MM
Add component: Footprint Not Found LED3MM
Add component: Footprint Not Found LED3MM
Add component: Footprint Not Found LED3MM
Add component: Footprint Not Found LED3MM
Add component: Footprint Not Found LED3MM
Add component: Footprint Not Found ONSC-D2PAK-3-418B-04_V
Add component: Footprint Not Found ONSC-D2PAK-3-418B-04_V
Add component: Footprint Not Found ONSC-D2PAK-3-418B-04_V
Add component: Footprint Not Found TO92254P460H750-3
Add component: Footprint Not Found TO92254P460H750-3
Add component: Footprint Not Found CONV_XL4015
Add component: Footprint Not Found SOT229P700X180-4N
Add component: Footprint Not Found QFP50P900X900X160-48N
Add Pin To Net: Unknown Pin: Pin C1-1
Add Pin To Net: Unknown Pin: Pin C1-2
Add Pin To Net: Unknown Pin: Pin C2-1
Add Pin To Net: Unknown Pin: Pin C2-2
Add Pin To Net: Unknown Pin: Pin C3-N
Add Pin To Net: Unknown Pin: Pin C3-P
Add Pin To Net: Unknown Pin: Pin C4-1
Add Pin To Net: Unknown Pin: Pin C4-2
Add Pin To Net: Unknown Pin: Pin C5-1
Add Pin To Net: Unknown Pin: Pin C5-2
Add Pin To Net: Unknown Pin: Pin C6-1
Add Pin To Net: Unknown Pin: Pin C6-2
Add Pin To Net: Unknown Pin: Pin C7-1
Add Pin To Net: Unknown Pin: Pin C7-2
Add Pin To Net: Unknown Pin: Pin C8-1
Add Pin To Net: Unknown Pin: Pin C8-2
Add Pin To Net: Unknown Pin: Pin C9-1
Add Pin To Net: Unknown Pin: Pin C9-2
Add Pin To Net: Unknown Pin: Pin C10-1
Add Pin To Net: Unknown Pin: Pin C10-2
Add Pin To Net: Unknown Pin: Pin C11-1
Add Pin To Net: Unknown Pin: Pin C11-2
Add Pin To Net: Unknown Pin: Pin D1-1
Add Pin To Net: Unknown Pin: Pin D1-3
Add Pin To Net: Unknown Pin: Pin D1-4
Add Pin To Net: Unknown Pin: Pin D2-A
Add Pin To Net: Unknown Pin: Pin D2-C
Add Pin To Net: Unknown Pin: Pin D3-1
Add Pin To Net: Unknown Pin: Pin D3-2
Add Pin To Net: Unknown Pin: Pin D4-A
Add Pin To Net: Unknown Pin: Pin D4-C
Add Pin To Net: Unknown Pin: Pin F1-1
Add Pin To Net: Unknown Pin: Pin F1-2
Add Pin To Net: Unknown Pin: Pin J1-1
Add Pin To Net: Unknown Pin: Pin J1-2
Add Pin To Net: Unknown Pin: Pin J1-3
Add Pin To Net: Unknown Pin: Pin J2-1
Add Pin To Net: Unknown Pin: Pin J2-2
Add Pin To Net: Unknown Pin: Pin J3-1
Add Pin To Net: Unknown Pin: Pin J3-2
Add Pin To Net: Unknown Pin: Pin J3-3
Add Pin To Net: Unknown Pin: Pin J4-1
Add Pin To Net: Unknown Pin: Pin J4-2
Add Pin To Net: Unknown Pin: Pin J4-3
Add Pin To Net: Unknown Pin: Pin J5-01
Add Pin To Net: Unknown Pin: Pin J5-02
Add Pin To Net: Unknown Pin: Pin J5-03
Add Pin To Net: Unknown Pin: Pin J5-04
Add Pin To Net: Unknown Pin: Pin J5-S1
Add Pin To Net: Unknown Pin: Pin J5-S2
Add Pin To Net: Unknown Pin: Pin L1-1
Add Pin To Net: Unknown Pin: Pin L1-2
Add Pin To Net: Unknown Pin: Pin LED1-A
Add Pin To Net: Unknown Pin: Pin LED1-K
Add Pin To Net: Unknown Pin: Pin LED2-A
Add Pin To Net: Unknown Pin: Pin LED2-K
Add Pin To Net: Unknown Pin: Pin LED3-A
Add Pin To Net: Unknown Pin: Pin LED3-K
Add Pin To Net: Unknown Pin: Pin LED4-A
Add Pin To Net: Unknown Pin: Pin LED4-K
Add Pin To Net: Unknown Pin: Pin LED5-A
Add Pin To Net: Unknown Pin: Pin LED5-K
Add Pin To Net: Unknown Pin: Pin LED6-A
Add Pin To Net: Unknown Pin: Pin LED6-K
Add Pin To Net: Unknown Pin: Pin Q1-1
Add Pin To Net: Unknown Pin: Pin Q1-3
Add Pin To Net: Unknown Pin: Pin Q1-4
Add Pin To Net: Unknown Pin: Pin Q2-3
Add Pin To Net: Unknown Pin: Pin Q2-4
Add Pin To Net: Unknown Pin: Pin Q3-3
Add Pin To Net: Unknown Pin: Pin Q3-4
Add Pin To Net: Unknown Pin: Pin Q4-1
Add Pin To Net: Unknown Pin: Pin Q4-2
Add Pin To Net: Unknown Pin: Pin Q4-3
Add Pin To Net: Unknown Pin: Pin Q5-1
Add Pin To Net: Unknown Pin: Pin Q5-2
Add Pin To Net: Unknown Pin: Pin Q5-3
Add Pin To Net: Unknown Pin: Pin U1-1
Add Pin To Net: Unknown Pin: Pin U1-2
Add Pin To Net: Unknown Pin: Pin U1-3
Add Pin To Net: Unknown Pin: Pin U1-4
Add Pin To Net: Unknown Pin: Pin U1-5
Add Pin To Net: Unknown Pin: Pin U2-1
Add Pin To Net: Unknown Pin: Pin U2-2
Add Pin To Net: Unknown Pin: Pin U2-3
Add Pin To Net: Unknown Pin: Pin U3-8
Add Pin To Net: Unknown Pin: Pin U3-9
Add Pin To Net: Unknown Pin: Pin U3-10
Add Pin To Net: Unknown Pin: Pin U3-11
Add Pin To Net: Unknown Pin: Pin U3-16
Add Pin To Net: Unknown Pin: Pin U3-23
Add Pin To Net: Unknown Pin: Pin U3-24
Add Pin To Net: Unknown Pin: Pin U3-34
Add Pin To Net: Unknown Pin: Pin U3-35
Add Pin To Net: Unknown Pin: Pin U3-36
Add Pin To Net: Unknown Pin: Pin U3-37
Add Pin To Net: Unknown Pin: Pin U3-47
Add Pin To Net: Unknown Pin: Pin U3-48
Add Class Member: Failed to add class member : Component C1 CL10B105KO8NNNC
Add Class Member: Failed to add class member : Component C2 FA14X8R1H104KNU06
Add Class Member: Failed to add class member : Component C3 ECA2AM471B
Add Class Member: Failed to add class member : Component C4 0.1 uf ceramic
Add Class Member: Failed to add class member : Component C5 0.1 uf ceramic
Add Class Member: Failed to add class member : Component C6 0.1 uf ceramic
Add Class Member: Failed to add class member : Component C7 0.1 uf ceramic
Add Class Member: Failed to add class member : Component C8 0.1 uf ceramic
Add Class Member: Failed to add class member : Component C9 0.1 uf ceramic
Add Class Member: Failed to add class member : Component C10 0.1 uf ceramic
Add Class Member: Failed to add class member : Component C11 0.1 uf ceramic
Add Class Member: Failed to add class member : Component D1 MBRD1045T4G
Add Class Member: Failed to add class member : Component D2 SMBJ12A
Add Class Member: Failed to add class member : Component D3 SMBJ8.0CA
Add Class Member: Failed to add class member : Component D4 SMBJ12A
Add Class Member: Failed to add class member : Component F1 0154007.DR
Add Class Member: Failed to add class member : Component J1 282836-3
Add Class Member: Failed to add class member : Component J2 OSTTF020161
Add Class Member: Failed to add class member : Component J3 282836-3
Add Class Member: Failed to add class member : Component J4 282836-3
Add Class Member: Failed to add class member : Component J5 USBR-B-S-S-O-VT
Add Class Member: Failed to add class member : Component L1 AMDLA1004S-470MT
Add Class Member: Failed to add class member : Component LED1 TLLR4400
Add Class Member: Failed to add class member : Component LED2 TLLR4400
Add Class Member: Failed to add class member : Component LED3 TLLR4400
Add Class Member: Failed to add class member : Component LED4 TLLR4400
Add Class Member: Failed to add class member : Component LED5 TLLR4400
Add Class Member: Failed to add class member : Component LED6 TLLR4400
Add Class Member: Failed to add class member : Component Q1 MTB50P03HDLT4G
Add Class Member: Failed to add class member : Component Q2 MTB50P03HDLT4G
Add Class Member: Failed to add class member : Component Q3 MTB50P03HDLT4G
Add Class Member: Failed to add class member : Component Q4 2N3904
Add Class Member: Failed to add class member : Component Q5 2N3904
Added Member To Class: ClassName=Sheet1 Member=Component R1 14.3
Added Member To Class: ClassName=Sheet1 Member=Component R2 10k
Added Member To Class: ClassName=Sheet1 Member=Component R3 1.5
Added Member To Class: ClassName=Sheet1 Member=Component R4 10k
Added Member To Class: ClassName=Sheet1 Member=Component R5 10k
Added Member To Class: ClassName=Sheet1 Member=Component R6 330
Added Member To Class: ClassName=Sheet1 Member=Component R7 330
Added Member To Class: ClassName=Sheet1 Member=Component R8 MFR-25FBF52-10K
Added Member To Class: ClassName=Sheet1 Member=Component R9 MFR-25FBF52-10K
Added Member To Class: ClassName=Sheet1 Member=Component R10 MFR-25FBF52-10K
Added Member To Class: ClassName=Sheet1 Member=Component R11 4.7k
Added Member To Class: ClassName=Sheet1 Member=Component R12 MFR-25FBF52-10K
Added Member To Class: ClassName=Sheet1 Member=Component R13 4.7k
Added Member To Class: ClassName=Sheet1 Member=Component R14 1k
Add Class Member: Failed to add class member : Component U1 XL4015
Add Class Member: Failed to add class member : Component U2 AMS1117-3.3
Add Class Member: Failed to add class member : Component U3 STM32F103C8T6
