Add component: Footprint Not Found CAPRB250W50L450T300H550
Add component: Footprint Not Found CAPRB250W50L450T300H550
Add component: Footprint Not Found CAPRB250W50L450T300H550
Add component: Footprint Not Found CAPC1608X90N
Add component: Footprint Not Found CAPRB250W50L450T300H550
Add component: Footprint Not Found CAPRB250W50L450T300H550
Add component: Footprint Not Found CAPRB250W50L450T300H550
Add component: Footprint Not Found CAPRB250W50L450T300H550
Add component: Footprint Not Found CAPPRD750W80D1600H2500
Add component: Footprint Not Found CAPRB250W50L450T300H550
Add component: Footprint Not Found CAPRB250W50L450T300H550
Add component: Footprint Not Found DIOM4336X265N
Add component: Footprint Not Found DIOM4336X265N
Add component: Footprint Not Found TO229P990X238-4N
Add component: Footprint Not Found DIOM4336X265N
Add component: Footprint Not Found 0154007.DR
Add component: Footprint Not Found TE_282836-3
Add component: Footprint Not Found OST_OSTTF020161
Add component: Footprint Not Found TE_282836-3
Add component: Footprint Not Found TE_282836-3
Add component: Footprint Not Found SAMTEC_USBR-B-S-S-O-VT
Add component: Footprint Not Found IND_AMDLA1004S-470MT
Add component: Footprint Not Found LED3MM
Add component: Footprint Not Found LED3MM
Add component: Footprint Not Found LED3MM
Add component: Footprint Not Found LED3MM
Add component: Footprint Not Found LED3MM
Add component: Footprint Not Found LED3MM
Add component: Footprint Not Found TO92254P460H750-3
Add component: Footprint Not Found ONSC-D2PAK-3-418B-04_V
Add component: Footprint Not Found ONSC-D2PAK-3-418B-04_V
Add component: Footprint Not Found ONSC-D2PAK-3-418B-04_V
Add component: Footprint Not Found TO92254P460H750-3
Added Component: Designator=R?(RESAD1100W55L680D260)
Add component (AddParameter): Name = "Check_prices"; Value = "https://www.snapeda.com/parts/MFR-25FBF52-10K/Yageo/view-part/?ref=eda"; VariantName = "[No Variations]"
Add component (AddParameter): Name = "MF"; Value = "Yageo"; VariantName = "[No Variations]"
Add component (AddParameter): Name = "MP"; Value = "MFR-25FBF52-10K"; VariantName = "[No Variations]"
Add component (AddParameter): Name = "Package"; Value = "RADIAL-2 YAGEO"; VariantName = "[No Variations]"
Add component (AddParameter): Name = "SnapEDA_Link"; Value = "https://www.snapeda.com/parts/MFR-25FBF52-10K/Yageo/view-part/?ref=snap"; VariantName = "[No Variations]"
Add component (AddParameter): Name = "Value"; Value = ""; VariantName = "[No Variations]"
Added Component: Designator=R?(RESAD1100W55L680D260)
Add component (AddParameter): Name = "Check_prices"; Value = "https://www.snapeda.com/parts/MFR-25FBF52-10K/Yageo/view-part/?ref=eda"; VariantName = "[No Variations]"
Add component (AddParameter): Name = "MF"; Value = "Yageo"; VariantName = "[No Variations]"
Add component (AddParameter): Name = "MP"; Value = "MFR-25FBF52-10K"; VariantName = "[No Variations]"
Add component (AddParameter): Name = "Package"; Value = "RADIAL-2 YAGEO"; VariantName = "[No Variations]"
Add component (AddParameter): Name = "SnapEDA_Link"; Value = "https://www.snapeda.com/parts/MFR-25FBF52-10K/Yageo/view-part/?ref=snap"; VariantName = "[No Variations]"
Add component (AddParameter): Name = "Value"; Value = ""; VariantName = "[No Variations]"
Added Component: Designator=R?(RESAD1100W55L680D260)
Add component (AddParameter): Name = "Check_prices"; Value = "https://www.snapeda.com/parts/MFR-25FBF52-10K/Yageo/view-part/?ref=eda"; VariantName = "[No Variations]"
Add component (AddParameter): Name = "MF"; Value = "Yageo"; VariantName = "[No Variations]"
Add component (AddParameter): Name = "MP"; Value = "MFR-25FBF52-10K"; VariantName = "[No Variations]"
Add component (AddParameter): Name = "Package"; Value = "RADIAL-2 YAGEO"; VariantName = "[No Variations]"
Add component (AddParameter): Name = "SnapEDA_Link"; Value = "https://www.snapeda.com/parts/MFR-25FBF52-10K/Yageo/view-part/?ref=snap"; VariantName = "[No Variations]"
Add component (AddParameter): Name = "Value"; Value = ""; VariantName = "[No Variations]"
Added Component: Designator=R?(RESAD1100W55L680D260)
Add component (AddParameter): Name = "Check_prices"; Value = "https://www.snapeda.com/parts/MFR-25FBF52-10K/Yageo/view-part/?ref=eda"; VariantName = "[No Variations]"
Add component (AddParameter): Name = "MF"; Value = "Yageo"; VariantName = "[No Variations]"
Add component (AddParameter): Name = "MP"; Value = "MFR-25FBF52-10K"; VariantName = "[No Variations]"
Add component (AddParameter): Name = "Package"; Value = "RADIAL-2 YAGEO"; VariantName = "[No Variations]"
Add component (AddParameter): Name = "SnapEDA_Link"; Value = "https://www.snapeda.com/parts/MFR-25FBF52-10K/Yageo/view-part/?ref=snap"; VariantName = "[No Variations]"
Add component (AddParameter): Name = "Value"; Value = ""; VariantName = "[No Variations]"
Added Component: Designator=R?(RESAD1100W55L680D260)
Add component (AddParameter): Name = "Check_prices"; Value = "https://www.snapeda.com/parts/MFR-25FBF52-10K/Yageo/view-part/?ref=eda"; VariantName = "[No Variations]"
Add component (AddParameter): Name = "MF"; Value = "Yageo"; VariantName = "[No Variations]"
Add component (AddParameter): Name = "MP"; Value = "MFR-25FBF52-10K"; VariantName = "[No Variations]"
Add component (AddParameter): Name = "Package"; Value = "RADIAL-2 YAGEO"; VariantName = "[No Variations]"
Add component (AddParameter): Name = "SnapEDA_Link"; Value = "https://www.snapeda.com/parts/MFR-25FBF52-10K/Yageo/view-part/?ref=snap"; VariantName = "[No Variations]"
Add component (AddParameter): Name = "Value"; Value = ""; VariantName = "[No Variations]"
Added Component: Designator=R?(RESAD1100W55L680D260)
Add component (AddParameter): Name = "Check_prices"; Value = "https://www.snapeda.com/parts/MFR-25FBF52-10K/Yageo/view-part/?ref=eda"; VariantName = "[No Variations]"
Add component (AddParameter): Name = "MF"; Value = "Yageo"; VariantName = "[No Variations]"
Add component (AddParameter): Name = "MP"; Value = "MFR-25FBF52-10K"; VariantName = "[No Variations]"
Add component (AddParameter): Name = "Package"; Value = "RADIAL-2 YAGEO"; VariantName = "[No Variations]"
Add component (AddParameter): Name = "SnapEDA_Link"; Value = "https://www.snapeda.com/parts/MFR-25FBF52-10K/Yageo/view-part/?ref=snap"; VariantName = "[No Variations]"
Add component (AddParameter): Name = "Value"; Value = ""; VariantName = "[No Variations]"
Added Component: Designator=R?(RESAD1100W55L680D260)
Add component (AddParameter): Name = "Check_prices"; Value = "https://www.snapeda.com/parts/MFR-25FBF52-10K/Yageo/view-part/?ref=eda"; VariantName = "[No Variations]"
Add component (AddParameter): Name = "MF"; Value = "Yageo"; VariantName = "[No Variations]"
Add component (AddParameter): Name = "MP"; Value = "MFR-25FBF52-10K"; VariantName = "[No Variations]"
Add component (AddParameter): Name = "Package"; Value = "RADIAL-2 YAGEO"; VariantName = "[No Variations]"
Add component (AddParameter): Name = "SnapEDA_Link"; Value = "https://www.snapeda.com/parts/MFR-25FBF52-10K/Yageo/view-part/?ref=snap"; VariantName = "[No Variations]"
Add component (AddParameter): Name = "Value"; Value = ""; VariantName = "[No Variations]"
Added Component: Designator=R?(RESAD1100W55L680D260)
Add component (AddParameter): Name = "Check_prices"; Value = "https://www.snapeda.com/parts/MFR-25FBF52-10K/Yageo/view-part/?ref=eda"; VariantName = "[No Variations]"
Add component (AddParameter): Name = "MF"; Value = "Yageo"; VariantName = "[No Variations]"
Add component (AddParameter): Name = "MP"; Value = "MFR-25FBF52-10K"; VariantName = "[No Variations]"
Add component (AddParameter): Name = "Package"; Value = "RADIAL-2 YAGEO"; VariantName = "[No Variations]"
Add component (AddParameter): Name = "SnapEDA_Link"; Value = "https://www.snapeda.com/parts/MFR-25FBF52-10K/Yageo/view-part/?ref=snap"; VariantName = "[No Variations]"
Add component (AddParameter): Name = "Value"; Value = ""; VariantName = "[No Variations]"
Added Component: Designator=R?(RESAD1100W55L680D260)
Add component (AddParameter): Name = "Check_prices"; Value = "https://www.snapeda.com/parts/MFR-25FBF52-10K/Yageo/view-part/?ref=eda"; VariantName = "[No Variations]"
Add component (AddParameter): Name = "MF"; Value = "Yageo"; VariantName = "[No Variations]"
Add component (AddParameter): Name = "MP"; Value = "MFR-25FBF52-10K"; VariantName = "[No Variations]"
Add component (AddParameter): Name = "Package"; Value = "RADIAL-2 YAGEO"; VariantName = "[No Variations]"
Add component (AddParameter): Name = "SnapEDA_Link"; Value = "https://www.snapeda.com/parts/MFR-25FBF52-10K/Yageo/view-part/?ref=snap"; VariantName = "[No Variations]"
Add component (AddParameter): Name = "Value"; Value = ""; VariantName = "[No Variations]"
Added Component: Designator=R?(RESAD1100W55L680D260)
Add component (AddParameter): Name = "Check_prices"; Value = "https://www.snapeda.com/parts/MFR-25FBF52-10K/Yageo/view-part/?ref=eda"; VariantName = "[No Variations]"
Add component (AddParameter): Name = "MF"; Value = "Yageo"; VariantName = "[No Variations]"
Add component (AddParameter): Name = "MP"; Value = "MFR-25FBF52-10K"; VariantName = "[No Variations]"
Add component (AddParameter): Name = "Package"; Value = "RADIAL-2 YAGEO"; VariantName = "[No Variations]"
Add component (AddParameter): Name = "SnapEDA_Link"; Value = "https://www.snapeda.com/parts/MFR-25FBF52-10K/Yageo/view-part/?ref=snap"; VariantName = "[No Variations]"
Add component (AddParameter): Name = "Value"; Value = ""; VariantName = "[No Variations]"
Added Component: Designator=R?(RESAD1100W55L680D260)
Add component (AddParameter): Name = "Check_prices"; Value = "https://www.snapeda.com/parts/MFR-25FBF52-10K/Yageo/view-part/?ref=eda"; VariantName = "[No Variations]"
Add component (AddParameter): Name = "MF"; Value = "Yageo"; VariantName = "[No Variations]"
Add component (AddParameter): Name = "MP"; Value = "MFR-25FBF52-10K"; VariantName = "[No Variations]"
Add component (AddParameter): Name = "Package"; Value = "RADIAL-2 YAGEO"; VariantName = "[No Variations]"
Add component (AddParameter): Name = "SnapEDA_Link"; Value = "https://www.snapeda.com/parts/MFR-25FBF52-10K/Yageo/view-part/?ref=snap"; VariantName = "[No Variations]"
Add component (AddParameter): Name = "Value"; Value = ""; VariantName = "[No Variations]"
Added Component: Designator=R?(RESAD1100W55L680D260)
Add component (AddParameter): Name = "Check_prices"; Value = "https://www.snapeda.com/parts/MFR-25FBF52-10K/Yageo/view-part/?ref=eda"; VariantName = "[No Variations]"
Add component (AddParameter): Name = "MF"; Value = "Yageo"; VariantName = "[No Variations]"
Add component (AddParameter): Name = "MP"; Value = "MFR-25FBF52-10K"; VariantName = "[No Variations]"
Add component (AddParameter): Name = "Package"; Value = "RADIAL-2 YAGEO"; VariantName = "[No Variations]"
Add component (AddParameter): Name = "SnapEDA_Link"; Value = "https://www.snapeda.com/parts/MFR-25FBF52-10K/Yageo/view-part/?ref=snap"; VariantName = "[No Variations]"
Add component (AddParameter): Name = "Value"; Value = ""; VariantName = "[No Variations]"
Added Component: Designator=R?(RESAD1100W55L680D260)
Add component (AddParameter): Name = "Check_prices"; Value = "https://www.snapeda.com/parts/MFR-25FBF52-10K/Yageo/view-part/?ref=eda"; VariantName = "[No Variations]"
Add component (AddParameter): Name = "MF"; Value = "Yageo"; VariantName = "[No Variations]"
Add component (AddParameter): Name = "MP"; Value = "MFR-25FBF52-10K"; VariantName = "[No Variations]"
Add component (AddParameter): Name = "Package"; Value = "RADIAL-2 YAGEO"; VariantName = "[No Variations]"
Add component (AddParameter): Name = "SnapEDA_Link"; Value = "https://www.snapeda.com/parts/MFR-25FBF52-10K/Yageo/view-part/?ref=snap"; VariantName = "[No Variations]"
Add component (AddParameter): Name = "Value"; Value = ""; VariantName = "[No Variations]"
Added Component: Designator=R?(RESAD1100W55L680D260)
Add component (AddParameter): Name = "Check_prices"; Value = "https://www.snapeda.com/parts/MFR-25FBF52-10K/Yageo/view-part/?ref=eda"; VariantName = "[No Variations]"
Add component (AddParameter): Name = "MF"; Value = "Yageo"; VariantName = "[No Variations]"
Add component (AddParameter): Name = "MP"; Value = "MFR-25FBF52-10K"; VariantName = "[No Variations]"
Add component (AddParameter): Name = "Package"; Value = "RADIAL-2 YAGEO"; VariantName = "[No Variations]"
Add component (AddParameter): Name = "SnapEDA_Link"; Value = "https://www.snapeda.com/parts/MFR-25FBF52-10K/Yageo/view-part/?ref=snap"; VariantName = "[No Variations]"
Add component (AddParameter): Name = "Value"; Value = ""; VariantName = "[No Variations]"
Add component: Footprint Not Found QFP50P900X900X160-48N
Add component: Footprint Not Found SOT229P700X180-4N
Add component: Footprint Not Found CONV_XL4015
Added Pin To Net: NetName=3.3+ Pin=R?-1
Added Pin To Net: NetName=3.3+ Pin=R?-1
Added Pin To Net: NetName=3.3+ Pin=R?-1
Added Pin To Net: NetName=3.3+ Pin=R?-1
Added Net: Name=3.3+
Added Net: Name=3.3V
Added Pin To Net: NetName=8.4+ Pin=R?-1
Added Pin To Net: NetName=8.4+ Pin=R?-2
Added Pin To Net: NetName=8.4+ Pin=R?-2
Added Net: Name=8.4+
Added Pin To Net: NetName=12+ Pin=R?-1
Added Pin To Net: NetName=12+ Pin=R?-1
Added Pin To Net: NetName=12+ Pin=R?-1
Added Pin To Net: NetName=12+ Pin=R?-1
Added Pin To Net: NetName=12+ Pin=R?-1
Added Pin To Net: NetName=12+ Pin=R?-1
Added Pin To Net: NetName=12+ Pin=R?-1
Added Pin To Net: NetName=12+ Pin=R?-1
Added Net: Name=12+
Added Net: Name=Control_S1
Added Net: Name=Control_S2
Added Pin To Net: NetName=Control piston Pin=R?-2
Added Net: Name=Control piston
Added Net: Name=D+
Added Net: Name=D-
Added Net: Name=NetC?_1
Added Net: Name=NetD?_4
Added Net: Name=NetF?_2
Added Pin To Net: NetName=NetLED?_A Pin=R?-2
Added Net: Name=NetLED?_A
Add Net: Net with name "NetLED?_A" already exists
Add Net: Net with name "NetLED?_A" already exists
Add Net: Net with name "NetLED?_A" already exists
Added Pin To Net: NetName=NetLED?_K Pin=R?-2
Added Net: Name=NetLED?_K
Add Net: Net with name "NetLED?_K" already exists
Added Pin To Net: NetName=NetQ?_1 Pin=R?-2
Added Net: Name=NetQ?_1
Added Pin To Net: NetName=NetQ?_2 Pin=R?-1
Added Net: Name=NetQ?_2
Add Net: Net with name "NetQ?_2" already exists
Added Pin To Net: NetName=NetR?_2 Pin=R?-2
Added Net: Name=NetR?_2
Add Class Member: Failed to add class member : Component C? 0.1 uf ceramic
Add Class Member: Failed to add class member : Component C? 0.1 uf ceramic
Add Class Member: Failed to add class member : Component C? 0.1 uf ceramic
Add Class Member: Failed to add class member : Component C? CL10B105KO8NNNC
Add Class Member: Failed to add class member : Component C? 0.1 uf ceramic
Add Class Member: Failed to add class member : Component C? FA14X8R1H104KNU06
Add Class Member: Failed to add class member : Component C? 0.1 uf ceramic
Add Class Member: Failed to add class member : Component C? 0.1 uf ceramic
Add Class Member: Failed to add class member : Component C? ECA2AM471B
Add Class Member: Failed to add class member : Component C? 0.1 uf ceramic
Add Class Member: Failed to add class member : Component C? 0.1 uf ceramic
Add Class Member: Failed to add class member : Component D? SMBJ8.0CA
Add Class Member: Failed to add class member : Component D? SMBJ12A
Add Class Member: Failed to add class member : Component D? MBRD1045T4G
Add Class Member: Failed to add class member : Component D? SMBJ12A
Add Class Member: Failed to add class member : Component F? 0154007.DR
Add Class Member: Failed to add class member : Component J? 282836-3
Add Class Member: Failed to add class member : Component J? OSTTF020161
Add Class Member: Failed to add class member : Component J? 282836-3
Add Class Member: Failed to add class member : Component J? 282836-3
Add Class Member: Failed to add class member : Component J? USBR-B-S-S-O-VT
Add Class Member: Failed to add class member : Component L? AMDLA1004S-470MT
Add Class Member: Failed to add class member : Component LED? TLLR4400
Add Class Member: Failed to add class member : Component LED? TLLR4400
Add Class Member: Failed to add class member : Component LED? TLLR4400
Add Class Member: Failed to add class member : Component LED? TLLR4400
Add Class Member: Failed to add class member : Component LED? TLLR4400
Add Class Member: Failed to add class member : Component LED? TLLR4400
Add Class Member: Failed to add class member : Component Q? 2N3904
Add Class Member: Failed to add class member : Component Q? MTB50P03HDLT4G
Add Class Member: Failed to add class member : Component Q? MTB50P03HDLT4G
Add Class Member: Failed to add class member : Component Q? MTB50P03HDLT4G
Add Class Member: Failed to add class member : Component Q? 2N3904
Added Member To Class: ClassName=Sheet1 Member=Component R? MFR-25FBF52-10K
Added Member To Class: ClassName=Sheet1 Member=Component R? 330
Added Member To Class: ClassName=Sheet1 Member=Component R? 10k
Added Member To Class: ClassName=Sheet1 Member=Component R? 1.5
Added Member To Class: ClassName=Sheet1 Member=Component R? MFR-25FBF52-10K
Added Member To Class: ClassName=Sheet1 Member=Component R? MFR-25FBF52-10K
Added Member To Class: ClassName=Sheet1 Member=Component R? MFR-25FBF52-10K
Added Member To Class: ClassName=Sheet1 Member=Component R? 14.3
Added Member To Class: ClassName=Sheet1 Member=Component R? 4.7k
Added Member To Class: ClassName=Sheet1 Member=Component R? 10k
Added Member To Class: ClassName=Sheet1 Member=Component R? 10k
Added Member To Class: ClassName=Sheet1 Member=Component R? 4.7k
Added Member To Class: ClassName=Sheet1 Member=Component R? 330
Added Member To Class: ClassName=Sheet1 Member=Component R? 1k
Add Class Member: Failed to add class member : Component U? STM32F103C8T6
Add Class Member: Failed to add class member : Component U? AMS1117-3.3
Add Class Member: Failed to add class member : Component U? XL4015
